Analysis & Synthesis report for ALU
Wed Mar  2 14:49:50 2016
Quartus II 64-Bit Version 14.1.0 Build 186 12/03/2014 SJ Web Edition


---------------------
; Table of Contents ;
---------------------
  1. Legal Notice
  2. Analysis & Synthesis Summary
  3. Analysis & Synthesis Settings
  4. Parallel Compilation
  5. Analysis & Synthesis Source Files Read
  6. Analysis & Synthesis Resource Usage Summary
  7. Analysis & Synthesis Resource Utilization by Entity
  8. General Register Statistics
  9. Multiplexer Restructuring Statistics (Restructuring Performed)
 10. Port Connectivity Checks: "lshift:lshift_inst|mux:Mux30"
 11. Port Connectivity Checks: "lshift:lshift_inst|mux:Mux21"
 12. Port Connectivity Checks: "lshift:lshift_inst|mux:Mux20"
 13. Port Connectivity Checks: "lshift:lshift_inst|mux:Mux13"
 14. Port Connectivity Checks: "lshift:lshift_inst|mux:Mux12"
 15. Port Connectivity Checks: "lshift:lshift_inst|mux:Mux11"
 16. Port Connectivity Checks: "lshift:lshift_inst|mux:Mux10"
 17. Port Connectivity Checks: "rshift:rshift_inst|mux:Mux37"
 18. Port Connectivity Checks: "rshift:rshift_inst|mux:Mux27"
 19. Port Connectivity Checks: "rshift:rshift_inst|mux:Mux26"
 20. Port Connectivity Checks: "rshift:rshift_inst|mux:Mux17"
 21. Port Connectivity Checks: "rshift:rshift_inst|mux:Mux16"
 22. Port Connectivity Checks: "rshift:rshift_inst|mux:Mux15"
 23. Port Connectivity Checks: "rshift:rshift_inst|mux:Mux14"
 24. Port Connectivity Checks: "sub:sub_inst|adder:Comp"
 25. Port Connectivity Checks: "adder:adder_inst|FA:bit7"
 26. Port Connectivity Checks: "adder:adder_inst|FA:bit0"
 27. Analysis & Synthesis Messages



----------------
; Legal Notice ;
----------------
Copyright (C) 1991-2014 Altera Corporation. All rights reserved.
Your use of Altera Corporation's design tools, logic functions 
and other software and tools, and its AMPP partner logic 
functions, and any output files from any of the foregoing 
(including device programming or simulation files), and any 
associated documentation or information are expressly subject 
to the terms and conditions of the Altera Program License 
Subscription Agreement, the Altera Quartus II License Agreement,
the Altera MegaCore Function License Agreement, or other 
applicable license agreement, including, without limitation, 
that your use is for the sole purpose of programming logic 
devices manufactured by Altera and sold by Altera or its 
authorized distributors.  Please refer to the applicable 
agreement for further details.



+--------------------------------------------------------------------------+
; Analysis & Synthesis Summary                                             ;
+-----------------------------+--------------------------------------------+
; Analysis & Synthesis Status ; Successful - Wed Mar  2 14:49:50 2016      ;
; Quartus II 64-Bit Version   ; 14.1.0 Build 186 12/03/2014 SJ Web Edition ;
; Revision Name               ; ALU                                        ;
; Top-level Entity Name       ; alu                                        ;
; Family                      ; MAX V                                      ;
; Total logic elements        ; 88                                         ;
; Total pins                  ; 26                                         ;
; Total virtual pins          ; 0                                          ;
; UFM blocks                  ; 0 / 1 ( 0 % )                              ;
+-----------------------------+--------------------------------------------+


+----------------------------------------------------------------------------------------------------------------------+
; Analysis & Synthesis Settings                                                                                        ;
+----------------------------------------------------------------------------+--------------------+--------------------+
; Option                                                                     ; Setting            ; Default Value      ;
+----------------------------------------------------------------------------+--------------------+--------------------+
; Device                                                                     ; 5M1270ZT144C5      ;                    ;
; Top-level entity name                                                      ; ALU                ; ALU                ;
; Family name                                                                ; MAX V              ; Cyclone IV GX      ;
; Use smart compilation                                                      ; Off                ; Off                ;
; Enable parallel Assembler and TimeQuest Timing Analyzer during compilation ; On                 ; On                 ;
; Enable compact report table                                                ; Off                ; Off                ;
; Restructure Multiplexers                                                   ; Auto               ; Auto               ;
; Create Debugging Nodes for IP Cores                                        ; Off                ; Off                ;
; Preserve fewer node names                                                  ; On                 ; On                 ;
; Disable OpenCore Plus hardware evaluation                                  ; Off                ; Off                ;
; Verilog Version                                                            ; Verilog_2001       ; Verilog_2001       ;
; VHDL Version                                                               ; VHDL_1993          ; VHDL_1993          ;
; State Machine Processing                                                   ; Auto               ; Auto               ;
; Safe State Machine                                                         ; Off                ; Off                ;
; Extract Verilog State Machines                                             ; On                 ; On                 ;
; Extract VHDL State Machines                                                ; On                 ; On                 ;
; Ignore Verilog initial constructs                                          ; Off                ; Off                ;
; Iteration limit for constant Verilog loops                                 ; 5000               ; 5000               ;
; Iteration limit for non-constant Verilog loops                             ; 250                ; 250                ;
; Add Pass-Through Logic to Inferred RAMs                                    ; On                 ; On                 ;
; Infer RAMs from Raw Logic                                                  ; On                 ; On                 ;
; Parallel Synthesis                                                         ; On                 ; On                 ;
; NOT Gate Push-Back                                                         ; On                 ; On                 ;
; Power-Up Don't Care                                                        ; On                 ; On                 ;
; Remove Redundant Logic Cells                                               ; Off                ; Off                ;
; Remove Duplicate Registers                                                 ; On                 ; On                 ;
; Ignore CARRY Buffers                                                       ; Off                ; Off                ;
; Ignore CASCADE Buffers                                                     ; Off                ; Off                ;
; Ignore GLOBAL Buffers                                                      ; Off                ; Off                ;
; Ignore ROW GLOBAL Buffers                                                  ; Off                ; Off                ;
; Ignore LCELL Buffers                                                       ; Off                ; Off                ;
; Ignore SOFT Buffers                                                        ; On                 ; On                 ;
; Limit AHDL Integers to 32 Bits                                             ; Off                ; Off                ;
; Optimization Technique                                                     ; Balanced           ; Balanced           ;
; Carry Chain Length                                                         ; 70                 ; 70                 ;
; Auto Carry Chains                                                          ; On                 ; On                 ;
; Auto Open-Drain Pins                                                       ; On                 ; On                 ;
; Perform WYSIWYG Primitive Resynthesis                                      ; Off                ; Off                ;
; Auto Shift Register Replacement                                            ; Auto               ; Auto               ;
; Allow Shift Register Merging across Hierarchies                            ; Auto               ; Auto               ;
; Auto Clock Enable Replacement                                              ; On                 ; On                 ;
; Allow Synchronous Control Signals                                          ; On                 ; On                 ;
; Force Use of Synchronous Clear Signals                                     ; Off                ; Off                ;
; Auto Resource Sharing                                                      ; Off                ; Off                ;
; Use LogicLock Constraints during Resource Balancing                        ; On                 ; On                 ;
; Ignore translate_off and synthesis_off directives                          ; Off                ; Off                ;
; Report Parameter Settings                                                  ; On                 ; On                 ;
; Report Source Assignments                                                  ; On                 ; On                 ;
; Report Connectivity Checks                                                 ; On                 ; On                 ;
; Ignore Maximum Fan-Out Assignments                                         ; Off                ; Off                ;
; Synchronization Register Chain Length                                      ; 2                  ; 2                  ;
; PowerPlay Power Optimization During Synthesis                              ; Normal compilation ; Normal compilation ;
; HDL message level                                                          ; Level2             ; Level2             ;
; Suppress Register Optimization Related Messages                            ; Off                ; Off                ;
; Number of Removed Registers Reported in Synthesis Report                   ; 5000               ; 5000               ;
; Number of Swept Nodes Reported in Synthesis Report                         ; 5000               ; 5000               ;
; Number of Inverted Registers Reported in Synthesis Report                  ; 100                ; 100                ;
; Clock MUX Protection                                                       ; On                 ; On                 ;
; Block Design Naming                                                        ; Auto               ; Auto               ;
; Synthesis Effort                                                           ; Auto               ; Auto               ;
; Shift Register Replacement - Allow Asynchronous Clear Signal               ; On                 ; On                 ;
; Analysis & Synthesis Message Level                                         ; Medium             ; Medium             ;
; Disable Register Merging Across Hierarchies                                ; Auto               ; Auto               ;
; Synthesis Seed                                                             ; 1                  ; 1                  ;
+----------------------------------------------------------------------------+--------------------+--------------------+


Parallel compilation was disabled, but you have multiple processors available. Enable parallel compilation to reduce compilation time.
+-------------------------------------+
; Parallel Compilation                ;
+----------------------------+--------+
; Processors                 ; Number ;
+----------------------------+--------+
; Number detected on machine ; 4      ;
; Maximum allowed            ; 1      ;
+----------------------------+--------+


+----------------------------------------------------------------------------------------------------------------------------------+
; Analysis & Synthesis Source Files Read                                                                                           ;
+----------------------------------+-----------------+-----------------+-------------------------------------------------+---------+
; File Name with User-Entered Path ; Used in Netlist ; File Type       ; File Name with Absolute Path                    ; Library ;
+----------------------------------+-----------------+-----------------+-------------------------------------------------+---------+
; ../rShift/mux.vhd                ; yes             ; User VHDL File  ; /home/titto/Desktop/EE214/ALU/rShift/mux.vhd    ;         ;
; ../rShift/rshift.vhd             ; yes             ; User VHDL File  ; /home/titto/Desktop/EE214/ALU/rShift/rshift.vhd ;         ;
; ../lShift/lshift.vhd             ; yes             ; User VHDL File  ; /home/titto/Desktop/EE214/ALU/lShift/lshift.vhd ;         ;
; ../Sub/sub.vhd                   ; yes             ; User VHDL File  ; /home/titto/Desktop/EE214/ALU/Sub/sub.vhd       ;         ;
; ../Adder/adder.vhd               ; yes             ; User VHDL File  ; /home/titto/Desktop/EE214/ALU/Adder/adder.vhd   ;         ;
; ../Adder/FA.vhd                  ; yes             ; User VHDL File  ; /home/titto/Desktop/EE214/ALU/Adder/FA.vhd      ;         ;
; ../alu.vhd                       ; yes             ; User VHDL File  ; /home/titto/Desktop/EE214/ALU/alu.vhd           ;         ;
+----------------------------------+-----------------+-----------------+-------------------------------------------------+---------+


+----------------------------------------------------------+
; Analysis & Synthesis Resource Usage Summary              ;
+---------------------------------------------+------------+
; Resource                                    ; Usage      ;
+---------------------------------------------+------------+
; Total logic elements                        ; 88         ;
;     -- Combinational with no register       ; 88         ;
;     -- Register only                        ; 0          ;
;     -- Combinational with a register        ; 0          ;
;                                             ;            ;
; Logic element usage by number of LUT inputs ;            ;
;     -- 4 input functions                    ; 50         ;
;     -- 3 input functions                    ; 29         ;
;     -- 2 input functions                    ; 6          ;
;     -- 1 input functions                    ; 3          ;
;     -- 0 input functions                    ; 0          ;
;                                             ;            ;
; Logic elements by mode                      ;            ;
;     -- normal mode                          ; 77         ;
;     -- arithmetic mode                      ; 11         ;
;     -- qfbk mode                            ; 0          ;
;     -- register cascade mode                ; 0          ;
;     -- synchronous clear/load mode          ; 0          ;
;     -- asynchronous clear/load mode         ; 0          ;
;                                             ;            ;
; Total registers                             ; 0          ;
; Total logic cells in carry chains           ; 13         ;
; I/O pins                                    ; 26         ;
; Maximum fan-out node                        ; InData2[2] ;
; Maximum fan-out                             ; 24         ;
; Total fan-out                               ; 310        ;
; Average fan-out                             ; 2.72       ;
+---------------------------------------------+------------+


+-------------------------------------------------------------------------------------------------------------------------------------------------------------------------------------------------------------------------------------------+
; Analysis & Synthesis Resource Utilization by Entity                                                                                                                                                                                       ;
+----------------------------+-------------+--------------+------------+------+--------------+--------------+-------------------+------------------+-----------------+------------+------------------------------------------+--------------+
; Compilation Hierarchy Node ; Logic Cells ; LC Registers ; UFM Blocks ; Pins ; Virtual Pins ; LUT-Only LCs ; Register-Only LCs ; LUT/Register LCs ; Carry Chain LCs ; Packed LCs ; Full Hierarchy Name                      ; Library Name ;
+----------------------------+-------------+--------------+------------+------+--------------+--------------+-------------------+------------------+-----------------+------------+------------------------------------------+--------------+
; |alu                       ; 88 (22)     ; 0            ; 0          ; 26   ; 0            ; 88 (22)      ; 0 (0)             ; 0 (0)            ; 13 (0)          ; 0 (0)      ; |alu                                     ; work         ;
;    |adder:adder_inst|      ; 22 (0)      ; 0            ; 0          ; 0    ; 0            ; 22 (0)       ; 0 (0)             ; 0 (0)            ; 8 (0)           ; 0 (0)      ; |alu|adder:adder_inst                    ; work         ;
;       |FA:bit1|            ; 22 (22)     ; 0            ; 0          ; 0    ; 0            ; 22 (22)      ; 0 (0)             ; 0 (0)            ; 8 (8)           ; 0 (0)      ; |alu|adder:adder_inst|FA:bit1            ; work         ;
;    |lshift:lshift_inst|    ; 13 (0)      ; 0            ; 0          ; 0    ; 0            ; 13 (0)       ; 0 (0)             ; 0 (0)            ; 0 (0)           ; 0 (0)      ; |alu|lshift:lshift_inst                  ; work         ;
;       |mux:Mux21|          ; 2 (2)       ; 0            ; 0          ; 0    ; 0            ; 2 (2)        ; 0 (0)             ; 0 (0)            ; 0 (0)           ; 0 (0)      ; |alu|lshift:lshift_inst|mux:Mux21        ; work         ;
;       |mux:Mux22|          ; 1 (1)       ; 0            ; 0          ; 0    ; 0            ; 1 (1)        ; 0 (0)             ; 0 (0)            ; 0 (0)           ; 0 (0)      ; |alu|lshift:lshift_inst|mux:Mux22        ; work         ;
;       |mux:Mux23|          ; 1 (1)       ; 0            ; 0          ; 0    ; 0            ; 1 (1)        ; 0 (0)             ; 0 (0)            ; 0 (0)           ; 0 (0)      ; |alu|lshift:lshift_inst|mux:Mux23        ; work         ;
;       |mux:Mux24|          ; 1 (1)       ; 0            ; 0          ; 0    ; 0            ; 1 (1)        ; 0 (0)             ; 0 (0)            ; 0 (0)           ; 0 (0)      ; |alu|lshift:lshift_inst|mux:Mux24        ; work         ;
;       |mux:Mux25|          ; 1 (1)       ; 0            ; 0          ; 0    ; 0            ; 1 (1)        ; 0 (0)             ; 0 (0)            ; 0 (0)           ; 0 (0)      ; |alu|lshift:lshift_inst|mux:Mux25        ; work         ;
;       |mux:Mux26|          ; 3 (3)       ; 0            ; 0          ; 0    ; 0            ; 3 (3)        ; 0 (0)             ; 0 (0)            ; 0 (0)           ; 0 (0)      ; |alu|lshift:lshift_inst|mux:Mux26        ; work         ;
;       |mux:Mux31|          ; 1 (1)       ; 0            ; 0          ; 0    ; 0            ; 1 (1)        ; 0 (0)             ; 0 (0)            ; 0 (0)           ; 0 (0)      ; |alu|lshift:lshift_inst|mux:Mux31        ; work         ;
;       |mux:Mux33|          ; 3 (3)       ; 0            ; 0          ; 0    ; 0            ; 3 (3)        ; 0 (0)             ; 0 (0)            ; 0 (0)           ; 0 (0)      ; |alu|lshift:lshift_inst|mux:Mux33        ; work         ;
;    |rshift:rshift_inst|    ; 11 (0)      ; 0            ; 0          ; 0    ; 0            ; 11 (0)       ; 0 (0)             ; 0 (0)            ; 0 (0)           ; 0 (0)      ; |alu|rshift:rshift_inst                  ; work         ;
;       |mux:Mux21|          ; 3 (3)       ; 0            ; 0          ; 0    ; 0            ; 3 (3)        ; 0 (0)             ; 0 (0)            ; 0 (0)           ; 0 (0)      ; |alu|rshift:rshift_inst|mux:Mux21        ; work         ;
;       |mux:Mux22|          ; 2 (2)       ; 0            ; 0          ; 0    ; 0            ; 2 (2)        ; 0 (0)             ; 0 (0)            ; 0 (0)           ; 0 (0)      ; |alu|rshift:rshift_inst|mux:Mux22        ; work         ;
;       |mux:Mux23|          ; 1 (1)       ; 0            ; 0          ; 0    ; 0            ; 1 (1)        ; 0 (0)             ; 0 (0)            ; 0 (0)           ; 0 (0)      ; |alu|rshift:rshift_inst|mux:Mux23        ; work         ;
;       |mux:Mux24|          ; 1 (1)       ; 0            ; 0          ; 0    ; 0            ; 1 (1)        ; 0 (0)             ; 0 (0)            ; 0 (0)           ; 0 (0)      ; |alu|rshift:rshift_inst|mux:Mux24        ; work         ;
;       |mux:Mux25|          ; 1 (1)       ; 0            ; 0          ; 0    ; 0            ; 1 (1)        ; 0 (0)             ; 0 (0)            ; 0 (0)           ; 0 (0)      ; |alu|rshift:rshift_inst|mux:Mux25        ; work         ;
;       |mux:Mux34|          ; 2 (2)       ; 0            ; 0          ; 0    ; 0            ; 2 (2)        ; 0 (0)             ; 0 (0)            ; 0 (0)           ; 0 (0)      ; |alu|rshift:rshift_inst|mux:Mux34        ; work         ;
;       |mux:Mux36|          ; 1 (1)       ; 0            ; 0          ; 0    ; 0            ; 1 (1)        ; 0 (0)             ; 0 (0)            ; 0 (0)           ; 0 (0)      ; |alu|rshift:rshift_inst|mux:Mux36        ; work         ;
;    |sub:sub_inst|          ; 20 (0)      ; 0            ; 0          ; 0    ; 0            ; 20 (0)       ; 0 (0)             ; 0 (0)            ; 5 (0)           ; 0 (0)      ; |alu|sub:sub_inst                        ; work         ;
;       |adder:Comp|         ; 7 (0)       ; 0            ; 0          ; 0    ; 0            ; 7 (0)        ; 0 (0)             ; 0 (0)            ; 0 (0)           ; 0 (0)      ; |alu|sub:sub_inst|adder:Comp             ; work         ;
;          |FA:bit1|         ; 1 (1)       ; 0            ; 0          ; 0    ; 0            ; 1 (1)        ; 0 (0)             ; 0 (0)            ; 0 (0)           ; 0 (0)      ; |alu|sub:sub_inst|adder:Comp|FA:bit1     ; work         ;
;          |FA:bit2|         ; 1 (1)       ; 0            ; 0          ; 0    ; 0            ; 1 (1)        ; 0 (0)             ; 0 (0)            ; 0 (0)           ; 0 (0)      ; |alu|sub:sub_inst|adder:Comp|FA:bit2     ; work         ;
;          |FA:bit3|         ; 2 (2)       ; 0            ; 0          ; 0    ; 0            ; 2 (2)        ; 0 (0)             ; 0 (0)            ; 0 (0)           ; 0 (0)      ; |alu|sub:sub_inst|adder:Comp|FA:bit3     ; work         ;
;          |FA:bit4|         ; 1 (1)       ; 0            ; 0          ; 0    ; 0            ; 1 (1)        ; 0 (0)             ; 0 (0)            ; 0 (0)           ; 0 (0)      ; |alu|sub:sub_inst|adder:Comp|FA:bit4     ; work         ;
;          |FA:bit5|         ; 1 (1)       ; 0            ; 0          ; 0    ; 0            ; 1 (1)        ; 0 (0)             ; 0 (0)            ; 0 (0)           ; 0 (0)      ; |alu|sub:sub_inst|adder:Comp|FA:bit5     ; work         ;
;          |FA:bit6|         ; 1 (1)       ; 0            ; 0          ; 0    ; 0            ; 1 (1)        ; 0 (0)             ; 0 (0)            ; 0 (0)           ; 0 (0)      ; |alu|sub:sub_inst|adder:Comp|FA:bit6     ; work         ;
;       |adder:Subtract|     ; 13 (0)      ; 0            ; 0          ; 0    ; 0            ; 13 (0)       ; 0 (0)             ; 0 (0)            ; 5 (0)           ; 0 (0)      ; |alu|sub:sub_inst|adder:Subtract         ; work         ;
;          |FA:bit0|         ; 1 (1)       ; 0            ; 0          ; 0    ; 0            ; 1 (1)        ; 0 (0)             ; 0 (0)            ; 0 (0)           ; 0 (0)      ; |alu|sub:sub_inst|adder:Subtract|FA:bit0 ; work         ;
;          |FA:bit1|         ; 5 (5)       ; 0            ; 0          ; 0    ; 0            ; 5 (5)        ; 0 (0)             ; 0 (0)            ; 5 (5)           ; 0 (0)      ; |alu|sub:sub_inst|adder:Subtract|FA:bit1 ; work         ;
;          |FA:bit4|         ; 2 (2)       ; 0            ; 0          ; 0    ; 0            ; 2 (2)        ; 0 (0)             ; 0 (0)            ; 0 (0)           ; 0 (0)      ; |alu|sub:sub_inst|adder:Subtract|FA:bit4 ; work         ;
;          |FA:bit5|         ; 2 (2)       ; 0            ; 0          ; 0    ; 0            ; 2 (2)        ; 0 (0)             ; 0 (0)            ; 0 (0)           ; 0 (0)      ; |alu|sub:sub_inst|adder:Subtract|FA:bit5 ; work         ;
;          |FA:bit6|         ; 1 (1)       ; 0            ; 0          ; 0    ; 0            ; 1 (1)        ; 0 (0)             ; 0 (0)            ; 0 (0)           ; 0 (0)      ; |alu|sub:sub_inst|adder:Subtract|FA:bit6 ; work         ;
;          |FA:bit7|         ; 2 (2)       ; 0            ; 0          ; 0    ; 0            ; 2 (2)        ; 0 (0)             ; 0 (0)            ; 0 (0)           ; 0 (0)      ; |alu|sub:sub_inst|adder:Subtract|FA:bit7 ; work         ;
+----------------------------+-------------+--------------+------------+------+--------------+--------------+-------------------+------------------+-----------------+------------+------------------------------------------+--------------+
Note: For table entries with two numbers listed, the numbers in parentheses indicate the number of resources of the given type used by the specific entity alone. The numbers listed outside of parentheses indicate the total resources of the given type used by the specific entity and all of its sub-entities in the hierarchy.


+------------------------------------------------------+
; General Register Statistics                          ;
+----------------------------------------------+-------+
; Statistic                                    ; Value ;
+----------------------------------------------+-------+
; Total registers                              ; 0     ;
; Number of registers using Synchronous Clear  ; 0     ;
; Number of registers using Synchronous Load   ; 0     ;
; Number of registers using Asynchronous Clear ; 0     ;
; Number of registers using Asynchronous Load  ; 0     ;
; Number of registers using Clock Enable       ; 0     ;
; Number of registers using Preset             ; 0     ;
+----------------------------------------------+-------+


+------------------------------------------------------------------------------------------------------------------------------------------------------+
; Multiplexer Restructuring Statistics (Restructuring Performed)                                                                                       ;
+--------------------+-----------+---------------+----------------------+------------------------+------------+----------------------------------------+
; Multiplexer Inputs ; Bus Width ; Baseline Area ; Area if Restructured ; Saving if Restructured ; Registered ; Example Multiplexer Output             ;
+--------------------+-----------+---------------+----------------------+------------------------+------------+----------------------------------------+
; 3:1                ; 2 bits    ; 4 LEs         ; 4 LEs                ; 0 LEs                  ; No         ; |alu|rshift:rshift_inst|mux:Mux21|Mout ;
; 6:1                ; 2 bits    ; 8 LEs         ; 8 LEs                ; 0 LEs                  ; No         ; |alu|OutData                           ;
; 6:1                ; 2 bits    ; 8 LEs         ; 6 LEs                ; 2 LEs                  ; No         ; |alu|OutData                           ;
; 7:1                ; 2 bits    ; 8 LEs         ; 8 LEs                ; 0 LEs                  ; No         ; |alu|OutData                           ;
+--------------------+-----------+---------------+----------------------+------------------------+------------+----------------------------------------+


+----------------------------------------------------------+
; Port Connectivity Checks: "lshift:lshift_inst|mux:Mux30" ;
+------+-------+----------+--------------------------------+
; Port ; Type  ; Severity ; Details                        ;
+------+-------+----------+--------------------------------+
; b    ; Input ; Info     ; Stuck at GND                   ;
+------+-------+----------+--------------------------------+


+----------------------------------------------------------+
; Port Connectivity Checks: "lshift:lshift_inst|mux:Mux21" ;
+------+-------+----------+--------------------------------+
; Port ; Type  ; Severity ; Details                        ;
+------+-------+----------+--------------------------------+
; b    ; Input ; Info     ; Stuck at GND                   ;
+------+-------+----------+--------------------------------+


+----------------------------------------------------------+
; Port Connectivity Checks: "lshift:lshift_inst|mux:Mux20" ;
+------+-------+----------+--------------------------------+
; Port ; Type  ; Severity ; Details                        ;
+------+-------+----------+--------------------------------+
; b    ; Input ; Info     ; Stuck at GND                   ;
+------+-------+----------+--------------------------------+


+----------------------------------------------------------+
; Port Connectivity Checks: "lshift:lshift_inst|mux:Mux13" ;
+------+-------+----------+--------------------------------+
; Port ; Type  ; Severity ; Details                        ;
+------+-------+----------+--------------------------------+
; b    ; Input ; Info     ; Stuck at GND                   ;
+------+-------+----------+--------------------------------+


+----------------------------------------------------------+
; Port Connectivity Checks: "lshift:lshift_inst|mux:Mux12" ;
+------+-------+----------+--------------------------------+
; Port ; Type  ; Severity ; Details                        ;
+------+-------+----------+--------------------------------+
; b    ; Input ; Info     ; Stuck at GND                   ;
+------+-------+----------+--------------------------------+


+----------------------------------------------------------+
; Port Connectivity Checks: "lshift:lshift_inst|mux:Mux11" ;
+------+-------+----------+--------------------------------+
; Port ; Type  ; Severity ; Details                        ;
+------+-------+----------+--------------------------------+
; b    ; Input ; Info     ; Stuck at GND                   ;
+------+-------+----------+--------------------------------+


+----------------------------------------------------------+
; Port Connectivity Checks: "lshift:lshift_inst|mux:Mux10" ;
+------+-------+----------+--------------------------------+
; Port ; Type  ; Severity ; Details                        ;
+------+-------+----------+--------------------------------+
; b    ; Input ; Info     ; Stuck at GND                   ;
+------+-------+----------+--------------------------------+


+----------------------------------------------------------+
; Port Connectivity Checks: "rshift:rshift_inst|mux:Mux37" ;
+------+-------+----------+--------------------------------+
; Port ; Type  ; Severity ; Details                        ;
+------+-------+----------+--------------------------------+
; b    ; Input ; Info     ; Stuck at GND                   ;
+------+-------+----------+--------------------------------+


+----------------------------------------------------------+
; Port Connectivity Checks: "rshift:rshift_inst|mux:Mux27" ;
+------+-------+----------+--------------------------------+
; Port ; Type  ; Severity ; Details                        ;
+------+-------+----------+--------------------------------+
; b    ; Input ; Info     ; Stuck at GND                   ;
+------+-------+----------+--------------------------------+


+----------------------------------------------------------+
; Port Connectivity Checks: "rshift:rshift_inst|mux:Mux26" ;
+------+-------+----------+--------------------------------+
; Port ; Type  ; Severity ; Details                        ;
+------+-------+----------+--------------------------------+
; b    ; Input ; Info     ; Stuck at GND                   ;
+------+-------+----------+--------------------------------+


+----------------------------------------------------------+
; Port Connectivity Checks: "rshift:rshift_inst|mux:Mux17" ;
+------+-------+----------+--------------------------------+
; Port ; Type  ; Severity ; Details                        ;
+------+-------+----------+--------------------------------+
; b    ; Input ; Info     ; Stuck at GND                   ;
+------+-------+----------+--------------------------------+


+----------------------------------------------------------+
; Port Connectivity Checks: "rshift:rshift_inst|mux:Mux16" ;
+------+-------+----------+--------------------------------+
; Port ; Type  ; Severity ; Details                        ;
+------+-------+----------+--------------------------------+
; b    ; Input ; Info     ; Stuck at GND                   ;
+------+-------+----------+--------------------------------+


+----------------------------------------------------------+
; Port Connectivity Checks: "rshift:rshift_inst|mux:Mux15" ;
+------+-------+----------+--------------------------------+
; Port ; Type  ; Severity ; Details                        ;
+------+-------+----------+--------------------------------+
; b    ; Input ; Info     ; Stuck at GND                   ;
+------+-------+----------+--------------------------------+


+----------------------------------------------------------+
; Port Connectivity Checks: "rshift:rshift_inst|mux:Mux14" ;
+------+-------+----------+--------------------------------+
; Port ; Type  ; Severity ; Details                        ;
+------+-------+----------+--------------------------------+
; b    ; Input ; Info     ; Stuck at GND                   ;
+------+-------+----------+--------------------------------+


+-----------------------------------------------------+
; Port Connectivity Checks: "sub:sub_inst|adder:Comp" ;
+-----------+-------+----------+----------------------+
; Port      ; Type  ; Severity ; Details              ;
+-----------+-------+----------+----------------------+
; yin[7..1] ; Input ; Info     ; Stuck at GND         ;
; yin[0]    ; Input ; Info     ; Stuck at VCC         ;
+-----------+-------+----------+----------------------+


+----------------------------------------------------------------------------------------------------------------+
; Port Connectivity Checks: "adder:adder_inst|FA:bit7"                                                           ;
+------+--------+----------+-------------------------------------------------------------------------------------+
; Port ; Type   ; Severity ; Details                                                                             ;
+------+--------+----------+-------------------------------------------------------------------------------------+
; cout ; Output ; Info     ; Connected to dangling logic. Logic that only feeds a dangling port will be removed. ;
+------+--------+----------+-------------------------------------------------------------------------------------+


+------------------------------------------------------+
; Port Connectivity Checks: "adder:adder_inst|FA:bit0" ;
+------+-------+----------+----------------------------+
; Port ; Type  ; Severity ; Details                    ;
+------+-------+----------+----------------------------+
; cin  ; Input ; Info     ; Stuck at GND               ;
+------+-------+----------+----------------------------+


+-------------------------------+
; Analysis & Synthesis Messages ;
+-------------------------------+
Info: *******************************************************************
Info: Running Quartus II 64-Bit Analysis & Synthesis
    Info: Version 14.1.0 Build 186 12/03/2014 SJ Web Edition
    Info: Processing started: Wed Mar  2 14:49:32 2016
Info: Command: quartus_map --read_settings_files=on --write_settings_files=off ALU -c ALU
Warning (20028): Parallel compilation is not licensed and has been disabled
Warning (12090): Entity "mux" obtained from "../rShift/mux.vhd" instead of from Quartus II megafunction library
Info (12021): Found 2 design units, including 1 entities, in source file /home/titto/Desktop/EE214/ALU/rShift/mux.vhd
    Info (12022): Found design unit 1: mux-mux_hw
    Info (12023): Found entity 1: mux
Info (12021): Found 2 design units, including 1 entities, in source file /home/titto/Desktop/EE214/ALU/rShift/rshift.vhd
    Info (12022): Found design unit 1: rshift-rshift_hw
    Info (12023): Found entity 1: rshift
Info (12021): Found 2 design units, including 1 entities, in source file /home/titto/Desktop/EE214/ALU/lShift/lshift.vhd
    Info (12022): Found design unit 1: lshift-lshift_hw
    Info (12023): Found entity 1: lshift
Info (12021): Found 2 design units, including 1 entities, in source file /home/titto/Desktop/EE214/ALU/Sub/sub.vhd
    Info (12022): Found design unit 1: sub-sub_hw
    Info (12023): Found entity 1: sub
Info (12021): Found 2 design units, including 1 entities, in source file /home/titto/Desktop/EE214/ALU/Adder/adder.vhd
    Info (12022): Found design unit 1: adder-adder_hw
    Info (12023): Found entity 1: adder
Info (12021): Found 2 design units, including 1 entities, in source file /home/titto/Desktop/EE214/ALU/Adder/FA.vhd
    Info (12022): Found design unit 1: FA-fa_hw
    Info (12023): Found entity 1: FA
Info (12021): Found 2 design units, including 1 entities, in source file /home/titto/Desktop/EE214/ALU/alu.vhd
    Info (12022): Found design unit 1: alu-alu_hw
    Info (12023): Found entity 1: alu
Info (12127): Elaborating entity "ALU" for the top level hierarchy
Info (12128): Elaborating entity "adder" for hierarchy "adder:adder_inst"
Info (12128): Elaborating entity "FA" for hierarchy "adder:adder_inst|FA:bit0"
Info (12128): Elaborating entity "sub" for hierarchy "sub:sub_inst"
Info (12128): Elaborating entity "rshift" for hierarchy "rshift:rshift_inst"
Info (12128): Elaborating entity "mux" for hierarchy "rshift:rshift_inst|mux:Mux10"
Info (12128): Elaborating entity "lshift" for hierarchy "lshift:lshift_inst"
Info (21057): Implemented 114 device resources after synthesis - the final resource count might be different
    Info (21058): Implemented 18 input pins
    Info (21059): Implemented 8 output pins
    Info (21061): Implemented 88 logic cells
Info: Quartus II 64-Bit Analysis & Synthesis was successful. 0 errors, 2 warnings
    Info: Peak virtual memory: 920 megabytes
    Info: Processing ended: Wed Mar  2 14:49:50 2016
    Info: Elapsed time: 00:00:18
    Info: Total CPU time (on all processors): 00:00:40


