Fitter report for TopLevel
Fri Mar 11 13:29:01 2016
Quartus II 64-Bit Version 14.1.0 Build 186 12/03/2014 SJ Web Edition


---------------------
; Table of Contents ;
---------------------
  1. Legal Notice
  2. Fitter Summary
  3. Fitter Settings
  4. Parallel Compilation
  5. Pin-Out File
  6. Fitter Resource Usage Summary
  7. Input Pins
  8. Output Pins
  9. I/O Bank Usage
 10. All Package Pins
 11. Output Pin Default Load For Reported TCO
 12. Fitter Resource Utilization by Entity
 13. Delay Chain Summary
 14. Control Signals
 15. Global & Other Fast Signals
 16. Non-Global High Fan-Out Signals
 17. Routing Usage Summary
 18. LAB Logic Elements
 19. LAB-wide Signals
 20. LAB Signals Sourced
 21. LAB Signals Sourced Out
 22. LAB Distinct Inputs
 23. Fitter Device Options
 24. Estimated Delay Added for Hold Timing Summary
 25. Estimated Delay Added for Hold Timing Details
 26. Fitter Messages
 27. Fitter Suppressed Messages



----------------
; Legal Notice ;
----------------
Copyright (C) 1991-2014 Altera Corporation. All rights reserved.
Your use of Altera Corporation's design tools, logic functions 
and other software and tools, and its AMPP partner logic 
functions, and any output files from any of the foregoing 
(including device programming or simulation files), and any 
associated documentation or information are expressly subject 
to the terms and conditions of the Altera Program License 
Subscription Agreement, the Altera Quartus II License Agreement,
the Altera MegaCore Function License Agreement, or other 
applicable license agreement, including, without limitation, 
that your use is for the sole purpose of programming logic 
devices manufactured by Altera and sold by Altera or its 
authorized distributors.  Please refer to the applicable 
agreement for further details.



+------------------------------------------------------------------------+
; Fitter Summary                                                         ;
+---------------------------+--------------------------------------------+
; Fitter Status             ; Successful - Fri Mar 11 13:29:01 2016      ;
; Quartus II 64-Bit Version ; 14.1.0 Build 186 12/03/2014 SJ Web Edition ;
; Revision Name             ; TopLevel                                   ;
; Top-level Entity Name     ; TopLevel                                   ;
; Family                    ; MAX V                                      ;
; Device                    ; 5M1270ZT144C5                              ;
; Timing Models             ; Final                                      ;
; Total logic elements      ; 98 / 1,270 ( 8 % )                         ;
; Total pins                ; 5 / 114 ( 4 % )                            ;
; Total virtual pins        ; 0                                          ;
; UFM blocks                ; 0 / 1 ( 0 % )                              ;
+---------------------------+--------------------------------------------+


+----------------------------------------------------------------------------------------------------------------------------------------------+
; Fitter Settings                                                                                                                              ;
+----------------------------------------------------------------------------+--------------------------------+--------------------------------+
; Option                                                                     ; Setting                        ; Default Value                  ;
+----------------------------------------------------------------------------+--------------------------------+--------------------------------+
; Device                                                                     ; 5M1270ZT144C5                  ;                                ;
; Minimum Core Junction Temperature                                          ; 0                              ;                                ;
; Maximum Core Junction Temperature                                          ; 85                             ;                                ;
; Fit Attempts to Skip                                                       ; 0                              ; 0.0                            ;
; Device I/O Standard                                                        ; 3.3-V LVTTL                    ;                                ;
; Use smart compilation                                                      ; Off                            ; Off                            ;
; Enable parallel Assembler and TimeQuest Timing Analyzer during compilation ; On                             ; On                             ;
; Enable compact report table                                                ; Off                            ; Off                            ;
; Router Timing Optimization Level                                           ; Normal                         ; Normal                         ;
; Placement Effort Multiplier                                                ; 1.0                            ; 1.0                            ;
; Router Effort Multiplier                                                   ; 1.0                            ; 1.0                            ;
; Always Enable Input Buffers                                                ; Off                            ; Off                            ;
; Optimize Hold Timing                                                       ; IO Paths and Minimum TPD Paths ; IO Paths and Minimum TPD Paths ;
; Optimize Multi-Corner Timing                                               ; Off                            ; Off                            ;
; Guarantee I/O Paths Have Zero Hold Time at Fast Corner                     ; On                             ; On                             ;
; PowerPlay Power Optimization During Fitting                                ; Normal compilation             ; Normal compilation             ;
; Optimize Timing                                                            ; Normal compilation             ; Normal compilation             ;
; Optimize Timing for ECOs                                                   ; Off                            ; Off                            ;
; Regenerate Full Fit Report During ECO Compiles                             ; Off                            ; Off                            ;
; Optimize IOC Register Placement for Timing                                 ; Normal                         ; Normal                         ;
; Limit to One Fitting Attempt                                               ; Off                            ; Off                            ;
; Final Placement Optimizations                                              ; Automatically                  ; Automatically                  ;
; Fitter Aggressive Routability Optimizations                                ; Automatically                  ; Automatically                  ;
; Fitter Initial Placement Seed                                              ; 1                              ; 1                              ;
; Slow Slew Rate                                                             ; Off                            ; Off                            ;
; PCI I/O                                                                    ; Off                            ; Off                            ;
; Weak Pull-Up Resistor                                                      ; Off                            ; Off                            ;
; Enable Bus-Hold Circuitry                                                  ; Off                            ; Off                            ;
; Auto Delay Chains                                                          ; On                             ; On                             ;
; Auto Delay Chains for High Fanout Input Pins                               ; Off                            ; Off                            ;
; Perform Physical Synthesis for Combinational Logic for Performance         ; Off                            ; Off                            ;
; Perform Register Duplication for Performance                               ; Off                            ; Off                            ;
; Perform Register Retiming for Performance                                  ; Off                            ; Off                            ;
; Perform Asynchronous Signal Pipelining                                     ; Off                            ; Off                            ;
; Fitter Effort                                                              ; Auto Fit                       ; Auto Fit                       ;
; Physical Synthesis Effort Level                                            ; Normal                         ; Normal                         ;
; Logic Cell Insertion - Logic Duplication                                   ; Auto                           ; Auto                           ;
; Auto Register Duplication                                                  ; Auto                           ; Auto                           ;
; Auto Global Clock                                                          ; On                             ; On                             ;
; Auto Global Register Control Signals                                       ; On                             ; On                             ;
; Force Fitter to Avoid Periphery Placement Warnings                         ; Off                            ; Off                            ;
+----------------------------------------------------------------------------+--------------------------------+--------------------------------+


Parallel compilation was disabled, but you have multiple processors available. Enable parallel compilation to reduce compilation time.
+-------------------------------------+
; Parallel Compilation                ;
+----------------------------+--------+
; Processors                 ; Number ;
+----------------------------+--------+
; Number detected on machine ; 4      ;
; Maximum allowed            ; 1      ;
+----------------------------+--------+


+--------------+
; Pin-Out File ;
+--------------+
The pin-out file can be found in /home/titto/Desktop/EE214/StringRecognizer/Scan_Chain/output_files/TopLevel.pin.


+-------------------------------------------------------------------+
; Fitter Resource Usage Summary                                     ;
+---------------------------------------------+---------------------+
; Resource                                    ; Usage               ;
+---------------------------------------------+---------------------+
; Total logic elements                        ; 98 / 1,270 ( 8 % )  ;
;     -- Combinational with no register       ; 59                  ;
;     -- Register only                        ; 0                   ;
;     -- Combinational with a register        ; 39                  ;
;                                             ;                     ;
; Logic element usage by number of LUT inputs ;                     ;
;     -- 4 input functions                    ; 51                  ;
;     -- 3 input functions                    ; 29                  ;
;     -- 2 input functions                    ; 17                  ;
;     -- 1 input functions                    ; 1                   ;
;     -- 0 input functions                    ; 0                   ;
;                                             ;                     ;
; Logic elements by mode                      ;                     ;
;     -- normal mode                          ; 98                  ;
;     -- arithmetic mode                      ; 0                   ;
;     -- qfbk mode                            ; 0                   ;
;     -- register cascade mode                ; 0                   ;
;     -- synchronous clear/load mode          ; 1                   ;
;     -- asynchronous clear/load mode         ; 5                   ;
;                                             ;                     ;
; Total registers                             ; 39 / 1,270 ( 3 % )  ;
; Total LABs                                  ; 12 / 127 ( 9 % )    ;
; Logic elements in carry chains              ; 0                   ;
; Virtual pins                                ; 0                   ;
; I/O pins                                    ; 5 / 114 ( 4 % )     ;
;     -- Clock pins                           ; 0 / 4 ( 0 % )       ;
;                                             ;                     ;
; Global signals                              ; 3                   ;
; UFM blocks                                  ; 0 / 1 ( 0 % )       ;
;                                             ;                     ;
;     -- Total Fixed Point DSP Blocks         ; 0                   ;
;     -- Total Floating Point DSP Blocks      ; 0                   ;
;                                             ;                     ;
; Global clocks                               ; 3 / 4 ( 75 % )      ;
; JTAGs                                       ; 0 / 1 ( 0 % )       ;
; Average interconnect usage (total/H/V)      ; 4.5% / 4.7% / 4.4%  ;
; Peak interconnect usage (total/H/V)         ; 9.6% / 10.2% / 9.0% ;
; Maximum fan-out                             ; 48                  ;
; Highest non-global fan-out                  ; 19                  ;
; Total fan-out                               ; 381                 ;
; Average fan-out                             ; 3.70                ;
+---------------------------------------------+---------------------+


+-------------------------------------------------------------------------------------------------------------------------------------------------------------------------------------------------------------+
; Input Pins                                                                                                                                                                                                  ;
+------+-------+----------+--------------+--------------+-------------+-----------------------+--------------------+--------+-----------------+----------+--------------+--------------+----------------------+
; Name ; Pin # ; I/O Bank ; X coordinate ; Y coordinate ; Cell number ; Combinational Fan-Out ; Registered Fan-Out ; Global ; PCI I/O Enabled ; Bus Hold ; Weak Pull Up ; I/O Standard ; Location assigned by ;
+------+-------+----------+--------------+--------------+-------------+-----------------------+--------------------+--------+-----------------+----------+--------------+--------------+----------------------+
; TCLK ; 23    ; 1        ; 0            ; 6            ; 2           ; 20                    ; 0                  ; yes    ; no              ; no       ; Off          ; 3.3-V LVTTL  ; User                 ;
; TDI  ; 5     ; 1        ; 0            ; 9            ; 2           ; 1                     ; 0                  ; no     ; no              ; no       ; Off          ; 3.3-V LVTTL  ; User                 ;
; TMS  ; 7     ; 1        ; 0            ; 8            ; 0           ; 8                     ; 0                  ; no     ; no              ; no       ; Off          ; 3.3-V LVTTL  ; User                 ;
; TRST ; 21    ; 1        ; 0            ; 6            ; 0           ; 43                    ; 0                  ; yes    ; no              ; no       ; Off          ; 3.3-V LVTTL  ; User                 ;
+------+-------+----------+--------------+--------------+-------------+-----------------------+--------------------+--------+-----------------+----------+--------------+--------------+----------------------+


+------------------------------------------------------------------------------------------------------------------------------------------------------------------------------------------------------------------------------------------------------------------------------------------------------------------------+
; Output Pins                                                                                                                                                                                                                                                                                                            ;
+------+-------+----------+--------------+--------------+-------------+-----------------+----------------+-----------------+------------+---------------+----------+--------------+--------------+------------------+------------------------+----------------------+-------+----------------------+---------------------+
; Name ; Pin # ; I/O Bank ; X coordinate ; Y coordinate ; Cell number ; Output Register ; Slow Slew Rate ; PCI I/O Enabled ; Open Drain ; TRI Primitive ; Bus Hold ; Weak Pull Up ; I/O Standard ; Current Strength ; Fast Output Connection ; Location assigned by ; Load  ; Output Enable Source ; Output Enable Group ;
+------+-------+----------+--------------+--------------+-------------+-----------------+----------------+-----------------+------------+---------------+----------+--------------+--------------+------------------+------------------------+----------------------+-------+----------------------+---------------------+
; TDO  ; 3     ; 1        ; 0            ; 10           ; 5           ; no              ; no             ; no              ; no         ; no            ; no       ; Off          ; 3.3-V LVTTL  ; 16mA             ; no                     ; User                 ; 10 pF ; -                    ; -                   ;
+------+-------+----------+--------------+--------------+-------------+-----------------+----------------+-----------------+------------+---------------+----------+--------------+--------------+------------------+------------------------+----------------------+-------+----------------------+---------------------+


+-----------------------------------------------------------+
; I/O Bank Usage                                            ;
+----------+-----------------+---------------+--------------+
; I/O Bank ; Usage           ; VCCIO Voltage ; VREF Voltage ;
+----------+-----------------+---------------+--------------+
; 1        ; 5 / 25 ( 20 % ) ; 3.3V          ; --           ;
; 2        ; 0 / 30 ( 0 % )  ; 3.3V          ; --           ;
; 3        ; 0 / 29 ( 0 % )  ; 3.3V          ; --           ;
; 4        ; 0 / 30 ( 0 % )  ; 3.3V          ; --           ;
+----------+-----------------+---------------+--------------+


+----------------------------------------------------------------------------------------------------------------------------------------------+
; All Package Pins                                                                                                                             ;
+----------+------------+----------+----------------+--------+--------------+---------+------------+-----------------+----------+--------------+
; Location ; Pad Number ; I/O Bank ; Pin Name/Usage ; Dir.   ; I/O Standard ; Voltage ; I/O Type   ; User Assignment ; Bus Hold ; Weak Pull Up ;
+----------+------------+----------+----------------+--------+--------------+---------+------------+-----------------+----------+--------------+
; 1        ; 2          ; 1        ; GND*           ;        ;              ;         ; Row I/O    ;                 ; no       ; Off          ;
; 2        ; 3          ; 1        ; GND*           ;        ;              ;         ; Row I/O    ;                 ; no       ; Off          ;
; 3        ; 5          ; 1        ; TDO            ; output ; 3.3-V LVTTL  ;         ; Row I/O    ; Y               ; no       ; Off          ;
; 4        ; 7          ; 1        ; GND*           ;        ;              ;         ; Row I/O    ;                 ; no       ; Off          ;
; 5        ; 9          ; 1        ; TDI            ; input  ; 3.3-V LVTTL  ;         ; Row I/O    ; Y               ; no       ; Off          ;
; 6        ; 10         ; 1        ; GND*           ;        ;              ;         ; Row I/O    ;                 ; no       ; Off          ;
; 7        ; 14         ; 1        ; TMS            ; input  ; 3.3-V LVTTL  ;         ; Row I/O    ; Y               ; no       ; Off          ;
; 8        ; 15         ; 1        ; GND*           ;        ;              ;         ; Row I/O    ;                 ; no       ; Off          ;
; 9        ;            ; 1        ; VCCIO1         ; power  ;              ; 3.3V    ; --         ;                 ; --       ; --           ;
; 10       ;            ;          ; GNDIO          ; gnd    ;              ;         ; --         ;                 ; --       ; --           ;
; 11       ;            ;          ; GNDIO          ; gnd    ;              ;         ; --         ;                 ; --       ; --           ;
; 12       ; 21         ; 1        ; GND*           ;        ;              ;         ; Row I/O    ;                 ; no       ; Off          ;
; 13       ; 22         ; 1        ; GND*           ;        ;              ;         ; Row I/O    ;                 ; no       ; Off          ;
; 14       ; 23         ; 1        ; GND*           ;        ;              ;         ; Row I/O    ;                 ; no       ; Off          ;
; 15       ; 24         ; 1        ; GND*           ;        ;              ;         ; Row I/O    ;                 ; no       ; Off          ;
; 16       ; 25         ; 1        ; GND*           ;        ;              ;         ; Row I/O    ;                 ; no       ; Off          ;
; 17       ;            ;          ; GNDINT         ; gnd    ;              ;         ; --         ;                 ; --       ; --           ;
; 18       ; 26         ; 1        ; GND*           ;        ;              ;         ; Row I/O    ;                 ; no       ; Off          ;
; 19       ;            ;          ; VCCINT         ; power  ;              ; 1.8V    ; --         ;                 ; --       ; --           ;
; 20       ; 27         ; 1        ; GND*           ;        ;              ;         ; Row I/O    ;                 ; no       ; Off          ;
; 21       ; 28         ; 1        ; TRST           ; input  ; 3.3-V LVTTL  ;         ; Row I/O    ; Y               ; no       ; Off          ;
; 22       ; 29         ; 1        ; GND*           ;        ;              ;         ; Row I/O    ;                 ; no       ; Off          ;
; 23       ; 30         ; 1        ; TCLK           ; input  ; 3.3-V LVTTL  ;         ; Row I/O    ; Y               ; no       ; Off          ;
; 24       ; 31         ; 1        ; GND*           ;        ;              ;         ; Row I/O    ;                 ; no       ; Off          ;
; 25       ;            ; 1        ; VCCIO1         ; power  ;              ; 3.3V    ; --         ;                 ; --       ; --           ;
; 26       ;            ;          ; GNDIO          ; gnd    ;              ;         ; --         ;                 ; --       ; --           ;
; 27       ; 33         ; 1        ; GND*           ;        ;              ;         ; Row I/O    ;                 ; no       ; Off          ;
; 28       ; 36         ; 1        ; GND*           ;        ;              ;         ; Row I/O    ;                 ; no       ; Off          ;
; 29       ; 37         ; 1        ; GND*           ;        ;              ;         ; Row I/O    ;                 ; no       ; Off          ;
; 30       ; 41         ; 1        ; GND*           ;        ;              ;         ; Row I/O    ;                 ; no       ; Off          ;
; 31       ; 44         ; 1        ; GND*           ;        ;              ;         ; Row I/O    ;                 ; no       ; Off          ;
; 32       ; 47         ; 1        ; GND*           ;        ;              ;         ; Row I/O    ;                 ; no       ; Off          ;
; 33       ; 50         ; 1        ; #TMS           ; input  ;              ;         ; --         ;                 ; --       ; --           ;
; 34       ; 51         ; 1        ; #TDI           ; input  ;              ;         ; --         ;                 ; --       ; --           ;
; 35       ; 52         ; 1        ; #TCK           ; input  ;              ;         ; --         ;                 ; --       ; --           ;
; 36       ; 53         ; 1        ; #TDO           ; output ;              ;         ; --         ;                 ; --       ; --           ;
; 37       ; 56         ; 4        ; GND*           ;        ;              ;         ; Column I/O ;                 ; no       ; Off          ;
; 38       ; 57         ; 4        ; GND*           ;        ;              ;         ; Column I/O ;                 ; no       ; Off          ;
; 39       ; 60         ; 4        ; GND*           ;        ;              ;         ; Column I/O ;                 ; no       ; Off          ;
; 40       ; 62         ; 4        ; GND*           ;        ;              ;         ; Column I/O ;                 ; no       ; Off          ;
; 41       ; 63         ; 4        ; GND*           ;        ;              ;         ; Column I/O ;                 ; no       ; Off          ;
; 42       ; 67         ; 4        ; GND*           ;        ;              ;         ; Column I/O ;                 ; no       ; Off          ;
; 43       ; 68         ; 4        ; GND*           ;        ;              ;         ; Column I/O ;                 ; no       ; Off          ;
; 44       ; 69         ; 4        ; GND*           ;        ;              ;         ; Column I/O ;                 ; no       ; Off          ;
; 45       ; 74         ; 4        ; GND*           ;        ;              ;         ; Column I/O ;                 ; no       ; Off          ;
; 46       ;            ; 4        ; VCCIO4         ; power  ;              ; 3.3V    ; --         ;                 ; --       ; --           ;
; 47       ;            ;          ; GNDIO          ; gnd    ;              ;         ; --         ;                 ; --       ; --           ;
; 48       ; 75         ; 4        ; GND*           ;        ;              ;         ; Column I/O ;                 ; no       ; Off          ;
; 49       ; 76         ; 4        ; GND*           ;        ;              ;         ; Column I/O ;                 ; no       ; Off          ;
; 50       ; 77         ; 4        ; GND*           ;        ;              ;         ; Column I/O ;                 ; no       ; Off          ;
; 51       ; 78         ; 4        ; GND*           ;        ;              ;         ; Column I/O ;                 ; no       ; Off          ;
; 52       ; 79         ; 4        ; GND*           ;        ;              ;         ; Column I/O ;                 ; no       ; Off          ;
; 53       ; 80         ; 4        ; GND*           ;        ;              ;         ; Column I/O ;                 ; no       ; Off          ;
; 54       ;            ;          ; GNDINT         ; gnd    ;              ;         ; --         ;                 ; --       ; --           ;
; 55       ; 81         ; 4        ; GND*           ;        ;              ;         ; Column I/O ;                 ; no       ; Off          ;
; 56       ;            ;          ; VCCINT         ; power  ;              ; 1.8V    ; --         ;                 ; --       ; --           ;
; 57       ; 82         ; 4        ; GND*           ;        ;              ;         ; Column I/O ;                 ; no       ; Off          ;
; 58       ; 83         ; 4        ; GND*           ;        ;              ;         ; Column I/O ;                 ; no       ; Off          ;
; 59       ; 84         ; 4        ; GND*           ;        ;              ;         ; Column I/O ;                 ; no       ; Off          ;
; 60       ; 85         ; 4        ; GND*           ;        ;              ;         ; Column I/O ;                 ; no       ; Off          ;
; 61       ; 86         ; 4        ; GND*           ;        ;              ;         ; Column I/O ;                 ; no       ; Off          ;
; 62       ; 87         ; 4        ; GND*           ;        ;              ;         ; Column I/O ;                 ; no       ; Off          ;
; 63       ; 88         ; 4        ; GND*           ;        ;              ;         ; Column I/O ;                 ; no       ; Off          ;
; 64       ;            ; 4        ; VCCIO4         ; power  ;              ; 3.3V    ; --         ;                 ; --       ; --           ;
; 65       ;            ;          ; GNDIO          ; gnd    ;              ;         ; --         ;                 ; --       ; --           ;
; 66       ; 91         ; 4        ; GND*           ;        ;              ;         ; Column I/O ;                 ; no       ; Off          ;
; 67       ; 92         ; 4        ; GND*           ;        ;              ;         ; Column I/O ;                 ; no       ; Off          ;
; 68       ; 95         ; 4        ; GND*           ;        ;              ;         ; Column I/O ;                 ; no       ; Off          ;
; 69       ; 98         ; 4        ; GND*           ;        ;              ;         ; Column I/O ;                 ; no       ; Off          ;
; 70       ; 101        ; 4        ; GND*           ;        ;              ;         ; Column I/O ;                 ; no       ; Off          ;
; 71       ; 104        ; 4        ; GND*           ;        ;              ;         ; Column I/O ;                 ; no       ; Off          ;
; 72       ; 107        ; 4        ; GND*           ;        ;              ;         ; Column I/O ;                 ; no       ; Off          ;
; 73       ; 111        ; 3        ; GND*           ;        ;              ;         ; Row I/O    ;                 ; no       ; Off          ;
; 74       ; 112        ; 3        ; GND*           ;        ;              ;         ; Row I/O    ;                 ; no       ; Off          ;
; 75       ; 113        ; 3        ; GND*           ;        ;              ;         ; Row I/O    ;                 ; no       ; Off          ;
; 76       ; 115        ; 3        ; GND*           ;        ;              ;         ; Row I/O    ;                 ; no       ; Off          ;
; 77       ; 118        ; 3        ; GND*           ;        ;              ;         ; Row I/O    ;                 ; no       ; Off          ;
; 78       ;            ;          ; GNDIO          ; gnd    ;              ;         ; --         ;                 ; --       ; --           ;
; 79       ; 123        ; 3        ; GND*           ;        ;              ;         ; Row I/O    ;                 ; no       ; Off          ;
; 80       ; 124        ; 3        ; GND*           ;        ;              ;         ; Row I/O    ;                 ; no       ; Off          ;
; 81       ; 127        ; 3        ; GND*           ;        ;              ;         ; Row I/O    ;                 ; no       ; Off          ;
; 82       ;            ; 3        ; VCCIO3         ; power  ;              ; 3.3V    ; --         ;                 ; --       ; --           ;
; 83       ;            ;          ; GNDIO          ; gnd    ;              ;         ; --         ;                 ; --       ; --           ;
; 84       ; 129        ; 3        ; GND*           ;        ;              ;         ; Row I/O    ;                 ; no       ; Off          ;
; 85       ; 130        ; 3        ; GND*           ;        ;              ;         ; Row I/O    ;                 ; no       ; Off          ;
; 86       ; 131        ; 3        ; GND*           ;        ;              ;         ; Row I/O    ;                 ; no       ; Off          ;
; 87       ; 132        ; 3        ; GND*           ;        ;              ;         ; Row I/O    ;                 ; no       ; Off          ;
; 88       ; 133        ; 3        ; GND*           ;        ;              ;         ; Row I/O    ;                 ; no       ; Off          ;
; 89       ; 134        ; 3        ; GND*           ;        ;              ;         ; Row I/O    ;                 ; no       ; Off          ;
; 90       ;            ;          ; VCCINT         ; power  ;              ; 1.8V    ; --         ;                 ; --       ; --           ;
; 91       ; 135        ; 3        ; GND*           ;        ;              ;         ; Row I/O    ;                 ; no       ; Off          ;
; 92       ;            ;          ; GNDINT         ; gnd    ;              ;         ; --         ;                 ; --       ; --           ;
; 93       ; 136        ; 3        ; GND*           ;        ;              ;         ; Row I/O    ;                 ; no       ; Off          ;
; 94       ; 137        ; 3        ; GND*           ;        ;              ;         ; Row I/O    ;                 ; no       ; Off          ;
; 95       ; 138        ; 3        ; GND*           ;        ;              ;         ; Row I/O    ;                 ; no       ; Off          ;
; 96       ; 139        ; 3        ; GND*           ;        ;              ;         ; Row I/O    ;                 ; no       ; Off          ;
; 97       ; 140        ; 3        ; GND*           ;        ;              ;         ; Row I/O    ;                 ; no       ; Off          ;
; 98       ; 141        ; 3        ; GND*           ;        ;              ;         ; Row I/O    ;                 ; no       ; Off          ;
; 99       ;            ;          ; GNDIO          ; gnd    ;              ;         ; --         ;                 ; --       ; --           ;
; 100      ;            ; 3        ; VCCIO3         ; power  ;              ; 3.3V    ; --         ;                 ; --       ; --           ;
; 101      ; 142        ; 3        ; GND*           ;        ;              ;         ; Row I/O    ;                 ; no       ; Off          ;
; 102      ; 146        ; 3        ; GND*           ;        ;              ;         ; Row I/O    ;                 ; no       ; Off          ;
; 103      ; 147        ; 3        ; GND*           ;        ;              ;         ; Row I/O    ;                 ; no       ; Off          ;
; 104      ; 151        ; 3        ; GND*           ;        ;              ;         ; Row I/O    ;                 ; no       ; Off          ;
; 105      ; 152        ; 3        ; GND*           ;        ;              ;         ; Row I/O    ;                 ; no       ; Off          ;
; 106      ; 154        ; 3        ; GND*           ;        ;              ;         ; Row I/O    ;                 ; no       ; Off          ;
; 107      ; 156        ; 3        ; GND*           ;        ;              ;         ; Row I/O    ;                 ; no       ; Off          ;
; 108      ; 158        ; 3        ; GND*           ;        ;              ;         ; Row I/O    ;                 ; no       ; Off          ;
; 109      ; 164        ; 2        ; GND*           ;        ;              ;         ; Column I/O ;                 ; no       ; Off          ;
; 110      ; 165        ; 2        ; GND*           ;        ;              ;         ; Column I/O ;                 ; no       ; Off          ;
; 111      ; 166        ; 2        ; GND*           ;        ;              ;         ; Column I/O ;                 ; no       ; Off          ;
; 112      ; 171        ; 2        ; GND*           ;        ;              ;         ; Column I/O ;                 ; no       ; Off          ;
; 113      ; 174        ; 2        ; GND*           ;        ;              ;         ; Column I/O ;                 ; no       ; Off          ;
; 114      ; 177        ; 2        ; GND*           ;        ;              ;         ; Column I/O ;                 ; no       ; Off          ;
; 115      ;            ;          ; GNDIO          ; gnd    ;              ;         ; --         ;                 ; --       ; --           ;
; 116      ;            ; 2        ; VCCIO2         ; power  ;              ; 3.3V    ; --         ;                 ; --       ; --           ;
; 117      ; 180        ; 2        ; GND*           ;        ;              ;         ; Column I/O ;                 ; no       ; Off          ;
; 118      ; 181        ; 2        ; GND*           ;        ;              ;         ; Column I/O ;                 ; no       ; Off          ;
; 119      ; 182        ; 2        ; GND*           ;        ;              ;         ; Column I/O ;                 ; no       ; Off          ;
; 120      ; 183        ; 2        ; GND*           ;        ;              ;         ; Column I/O ;                 ; no       ; Off          ;
; 121      ; 184        ; 2        ; GND*           ;        ;              ;         ; Column I/O ;                 ; no       ; Off          ;
; 122      ; 185        ; 2        ; GND*           ;        ;              ;         ; Column I/O ;                 ; no       ; Off          ;
; 123      ; 186        ; 2        ; GND*           ;        ;              ;         ; Column I/O ;                 ; no       ; Off          ;
; 124      ; 187        ; 2        ; GND*           ;        ;              ;         ; Column I/O ;                 ; no       ; Off          ;
; 125      ; 188        ; 2        ; GND*           ;        ;              ;         ; Column I/O ;                 ; no       ; Off          ;
; 126      ;            ;          ; VCCINT         ; power  ;              ; 1.8V    ; --         ;                 ; --       ; --           ;
; 127      ; 189        ; 2        ; GND*           ;        ;              ;         ; Column I/O ;                 ; no       ; Off          ;
; 128      ;            ;          ; GNDINT         ; gnd    ;              ;         ; --         ;                 ; --       ; --           ;
; 129      ; 190        ; 2        ; GND*           ;        ;              ;         ; Column I/O ;                 ; no       ; Off          ;
; 130      ; 191        ; 2        ; GND*           ;        ;              ;         ; Column I/O ;                 ; no       ; Off          ;
; 131      ; 192        ; 2        ; GND*           ;        ;              ;         ; Column I/O ;                 ; no       ; Off          ;
; 132      ; 193        ; 2        ; GND*           ;        ;              ;         ; Column I/O ;                 ; no       ; Off          ;
; 133      ; 194        ; 2        ; GND*           ;        ;              ;         ; Column I/O ;                 ; no       ; Off          ;
; 134      ; 195        ; 2        ; GND*           ;        ;              ;         ; Column I/O ;                 ; no       ; Off          ;
; 135      ;            ;          ; GNDIO          ; gnd    ;              ;         ; --         ;                 ; --       ; --           ;
; 136      ;            ; 2        ; VCCIO2         ; power  ;              ; 3.3V    ; --         ;                 ; --       ; --           ;
; 137      ; 199        ; 2        ; GND*           ;        ;              ;         ; Column I/O ;                 ; no       ; Off          ;
; 138      ; 200        ; 2        ; GND*           ;        ;              ;         ; Column I/O ;                 ; no       ; Off          ;
; 139      ; 201        ; 2        ; GND*           ;        ;              ;         ; Column I/O ;                 ; no       ; Off          ;
; 140      ; 204        ; 2        ; GND*           ;        ;              ;         ; Column I/O ;                 ; no       ; Off          ;
; 141      ; 205        ; 2        ; GND*           ;        ;              ;         ; Column I/O ;                 ; no       ; Off          ;
; 142      ; 208        ; 2        ; GND*           ;        ;              ;         ; Column I/O ;                 ; no       ; Off          ;
; 143      ; 212        ; 2        ; GND*           ;        ;              ;         ; Column I/O ;                 ; no       ; Off          ;
; 144      ; 215        ; 2        ; GND*           ;        ;              ;         ; Column I/O ;                 ; no       ; Off          ;
+----------+------------+----------+----------------+--------+--------------+---------+------------+-----------------+----------+--------------+
Note: Pin directions (input, output or bidir) are based on device operating in user mode.


+-------------------------------------------------------------+
; Output Pin Default Load For Reported TCO                    ;
+----------------------------+-------+------------------------+
; I/O Standard               ; Load  ; Termination Resistance ;
+----------------------------+-------+------------------------+
; 3.3-V LVTTL                ; 10 pF ; Not Available          ;
; 3.3-V LVCMOS               ; 10 pF ; Not Available          ;
; 2.5 V                      ; 10 pF ; Not Available          ;
; 1.8 V                      ; 10 pF ; Not Available          ;
; 1.5 V                      ; 10 pF ; Not Available          ;
; 3.3V Schmitt Trigger Input ; 10 pF ; Not Available          ;
; 2.5V Schmitt Trigger Input ; 10 pF ; Not Available          ;
; 1.2 V                      ; 10 pF ; Not Available          ;
; LVDS_E_3R                  ; 10 pF ; Not Available          ;
; RSDS_E_3R                  ; 10 pF ; Not Available          ;
; 3.3-V PCI                  ; 10 pF ; 25 Ohm (Parallel)      ;
+----------------------------+-------+------------------------+
Note: User assignments will override these defaults. The user specified values are listed in the Output Pins and Bidir Pins tables.


+--------------------------------------------------------------------------------------------------------------------------------------------------------------------------------------------------------------------------------------------------------------+
; Fitter Resource Utilization by Entity                                                                                                                                                                                                                        ;
+------------------------------------+-------------+--------------+------------+------+--------------+--------------+-------------------+------------------+-----------------+------------+-----------------------------------------------------+--------------+
; Compilation Hierarchy Node         ; Logic Cells ; LC Registers ; UFM Blocks ; Pins ; Virtual Pins ; LUT-Only LCs ; Register-Only LCs ; LUT/Register LCs ; Carry Chain LCs ; Packed LCs ; Full Hierarchy Name                                 ; Library Name ;
+------------------------------------+-------------+--------------+------------+------+--------------+--------------+-------------------+------------------+-----------------+------------+-----------------------------------------------------+--------------+
; |TopLevel                          ; 98 (0)      ; 39           ; 0          ; 5    ; 0            ; 59 (0)       ; 0 (0)             ; 39 (0)           ; 0 (0)           ; 0 (0)      ; |TopLevel                                           ; work         ;
;    |Scan_Chain:scan_instance|      ; 37 (11)     ; 20           ; 0          ; 0    ; 0            ; 17 (6)       ; 0 (0)             ; 20 (5)           ; 0 (0)           ; 0 (0)      ; |TopLevel|Scan_Chain:scan_instance                  ; work         ;
;       |Scan_Reg:In_Reg|            ; 24 (24)     ; 14           ; 0          ; 0    ; 0            ; 10 (10)      ; 0 (0)             ; 14 (14)          ; 0 (0)           ; 0 (0)      ; |TopLevel|Scan_Chain:scan_instance|Scan_Reg:In_Reg  ; work         ;
;       |Scan_Reg:Out_Reg|           ; 2 (2)       ; 1            ; 0          ; 0    ; 0            ; 1 (1)        ; 0 (0)             ; 1 (1)            ; 0 (0)           ; 0 (0)      ; |TopLevel|Scan_Chain:scan_instance|Scan_Reg:Out_Reg ; work         ;
;    |StringRecognizer:dut_instance| ; 61 (61)     ; 19           ; 0          ; 0    ; 0            ; 42 (42)      ; 0 (0)             ; 19 (19)          ; 0 (0)           ; 0 (0)      ; |TopLevel|StringRecognizer:dut_instance             ; work         ;
+------------------------------------+-------------+--------------+------------+------+--------------+--------------+-------------------+------------------+-----------------+------------+-----------------------------------------------------+--------------+
Note: For table entries with two numbers listed, the numbers in parentheses indicate the number of resources of the given type used by the specific entity alone. The numbers listed outside of parentheses indicate the total resources of the given type used by the specific entity and all of its sub-entities in the hierarchy.


+---------------------------------+
; Delay Chain Summary             ;
+------+----------+---------------+
; Name ; Pin Type ; Pad to Core 0 ;
+------+----------+---------------+
; TDO  ; Output   ; --            ;
; TCLK ; Input    ; (0)           ;
; TRST ; Input    ; (0)           ;
; TMS  ; Input    ; (0)           ;
; TDI  ; Input    ; (0)           ;
+------+----------+---------------+


+------------------------------------------------------------------------------------------------------------------------------------------------------------------------+
; Control Signals                                                                                                                                                        ;
+--------------------------------------------------+--------------+---------+-----------------------------------------+--------+----------------------+------------------+
; Name                                             ; Location     ; Fan-Out ; Usage                                   ; Global ; Global Resource Used ; Global Line Name ;
+--------------------------------------------------+--------------+---------+-----------------------------------------+--------+----------------------+------------------+
; Scan_Chain:scan_instance|Scan_Reg:In_Reg|L1[5]~1 ; LC_X3_Y7_N2  ; 7       ; Clock enable                            ; no     ; --                   ; --               ;
; Scan_Chain:scan_instance|Scan_Reg:In_Reg|L2~1    ; LC_X5_Y7_N1  ; 7       ; Clock enable                            ; no     ; --                   ; --               ;
; Scan_Chain:scan_instance|Scan_Reg:In_Reg|PO[5]   ; LC_X12_Y3_N2 ; 19      ; Clock                                   ; yes    ; Global Clock         ; GCLK3            ;
; TCLK                                             ; PIN_23       ; 20      ; Clock                                   ; yes    ; Global Clock         ; GCLK1            ;
; TRST                                             ; PIN_21       ; 43      ; Async. clear, Latch enable, Sync. clear ; yes    ; Global Clock         ; GCLK2            ;
+--------------------------------------------------+--------------+---------+-----------------------------------------+--------+----------------------+------------------+


+-------------------------------------------------------------------------------------------------------------------+
; Global & Other Fast Signals                                                                                       ;
+------------------------------------------------+--------------+---------+----------------------+------------------+
; Name                                           ; Location     ; Fan-Out ; Global Resource Used ; Global Line Name ;
+------------------------------------------------+--------------+---------+----------------------+------------------+
; Scan_Chain:scan_instance|Scan_Reg:In_Reg|PO[5] ; LC_X12_Y3_N2 ; 19      ; Global Clock         ; GCLK3            ;
; TCLK                                           ; PIN_23       ; 20      ; Global Clock         ; GCLK1            ;
; TRST                                           ; PIN_21       ; 43      ; Global Clock         ; GCLK2            ;
+------------------------------------------------+--------------+---------+----------------------+------------------+


+-----------------------------------------------------------------+
; Non-Global High Fan-Out Signals                                 ;
+-------------------------------------------------------+---------+
; Name                                                  ; Fan-Out ;
+-------------------------------------------------------+---------+
; Scan_Chain:scan_instance|Scan_Reg:In_Reg|PO[6]~3      ; 19      ;
; StringRecognizer:dut_instance|Equal4~0                ; 12      ;
; Scan_Chain:scan_instance|Scan_Reg:In_Reg|L2[0]        ; 10      ;
; Scan_Chain:scan_instance|Scan_Reg:In_Reg|PO[0]~1      ; 9       ;
; Scan_Chain:scan_instance|Selector3~0                  ; 9       ;
; Scan_Chain:scan_instance|Scan_Reg:In_Reg|L2[3]        ; 8       ;
; TMS                                                   ; 8       ;
; Scan_Chain:scan_instance|Scan_Reg:In_Reg|L2~1         ; 7       ;
; Scan_Chain:scan_instance|Scan_Reg:In_Reg|L1[5]~1      ; 7       ;
; Scan_Chain:scan_instance|Scan_Reg:In_Reg|L2[4]        ; 7       ;
; Scan_Chain:scan_instance|Scan_Reg:In_Reg|L2[1]        ; 7       ;
; Scan_Chain:scan_instance|Scan_Reg:In_Reg|L2[2]        ; 7       ;
; Scan_Chain:scan_instance|Scan_Reg:In_Reg|PO[3]~0      ; 7       ;
; StringRecognizer:dut_instance|Equal4~1                ; 5       ;
; StringRecognizer:dut_instance|Equal10~12              ; 4       ;
; StringRecognizer:dut_instance|gun_current_state~14    ; 4       ;
; StringRecognizer:dut_instance|knife_current_state.S3  ; 4       ;
; StringRecognizer:dut_instance|knife_current_state.S4  ; 4       ;
; Scan_Chain:scan_instance|current_state.s_idle         ; 4       ;
; Scan_Chain:scan_instance|current_state.s_update       ; 3       ;
; Scan_Chain:scan_instance|current_state.s_shift        ; 3       ;
; Scan_Chain:scan_instance|current_state.s_capture      ; 3       ;
; StringRecognizer:dut_instance|bomb_current_state~29   ; 3       ;
; StringRecognizer:dut_instance|knife_current_state~51  ; 3       ;
; StringRecognizer:dut_instance|knife_current_state~50  ; 3       ;
; StringRecognizer:dut_instance|Equal1~12               ; 3       ;
; StringRecognizer:dut_instance|Equal7~2                ; 3       ;
; StringRecognizer:dut_instance|knife_current_state~45  ; 3       ;
; StringRecognizer:dut_instance|bomb_current_state~23   ; 3       ;
; StringRecognizer:dut_instance|bomb_current_state.S1   ; 3       ;
; StringRecognizer:dut_instance|knife_current_state.S2  ; 3       ;
; StringRecognizer:dut_instance|knife_current_state.S0  ; 3       ;
; StringRecognizer:dut_instance|terror_current_state~13 ; 3       ;
; StringRecognizer:dut_instance|terror_current_state.S1 ; 3       ;
; StringRecognizer:dut_instance|terror_current_state.S3 ; 3       ;
; StringRecognizer:dut_instance|terror_current_state.S2 ; 3       ;
; StringRecognizer:dut_instance|gun_current_state~9     ; 3       ;
; StringRecognizer:dut_instance|gun_current_state~8     ; 3       ;
; StringRecognizer:dut_instance|Equal8~2                ; 3       ;
; StringRecognizer:dut_instance|bomb_current_state.S3   ; 3       ;
; StringRecognizer:dut_instance|terror_current_state.S5 ; 3       ;
; StringRecognizer:dut_instance|gun_current_state.S2    ; 3       ;
; Scan_Chain:scan_instance|current_state.s_DR           ; 2       ;
; Scan_Chain:scan_instance|next_state.s_idle_165        ; 2       ;
; StringRecognizer:dut_instance|terror_current_state~22 ; 2       ;
; StringRecognizer:dut_instance|knife_current_state~44  ; 2       ;
; StringRecognizer:dut_instance|knife_current_state.S1  ; 2       ;
; Scan_Chain:scan_instance|Scan_Reg:In_Reg|L1[5]        ; 2       ;
; Scan_Chain:scan_instance|Scan_Reg:In_Reg|L1[6]        ; 2       ;
; StringRecognizer:dut_instance|bomb_current_state~22   ; 2       ;
; StringRecognizer:dut_instance|bomb_current_state~21   ; 2       ;
; StringRecognizer:dut_instance|bomb_current_state.S0   ; 2       ;
; StringRecognizer:dut_instance|bomb_current_state.S2   ; 2       ;
; StringRecognizer:dut_instance|knife_current_state~42  ; 2       ;
; StringRecognizer:dut_instance|knife_current_state~39  ; 2       ;
; StringRecognizer:dut_instance|terror_current_state.S0 ; 2       ;
; StringRecognizer:dut_instance|terror_current_state~10 ; 2       ;
; StringRecognizer:dut_instance|terror_current_state.S4 ; 2       ;
; StringRecognizer:dut_instance|gun_current_state.S0    ; 2       ;
; StringRecognizer:dut_instance|gun_current_state.S1    ; 2       ;
; Scan_Chain:scan_instance|Scan_Reg:In_Reg|L1[4]        ; 2       ;
; Scan_Chain:scan_instance|Scan_Reg:In_Reg|L1[2]        ; 2       ;
; Scan_Chain:scan_instance|Scan_Reg:In_Reg|L1[3]        ; 2       ;
; Scan_Chain:scan_instance|Scan_Reg:In_Reg|L1[1]        ; 2       ;
; Scan_Chain:scan_instance|Scan_Reg:In_Reg|L2[6]        ; 2       ;
; StringRecognizer:dut_instance|W~0                     ; 2       ;
; StringRecognizer:dut_instance|W4~0                    ; 2       ;
; Scan_Chain:scan_instance|Scan_Reg:In_Reg|L1[0]        ; 2       ;
; Scan_Chain:scan_instance|Scan_Reg:Out_Reg|L1[0]       ; 2       ;
; Scan_Chain:scan_instance|next_state.s_DR_158          ; 1       ;
; Scan_Chain:scan_instance|next_state.s_update_137      ; 1       ;
; Scan_Chain:scan_instance|next_state.s_shift_144       ; 1       ;
; Scan_Chain:scan_instance|next_state.s_capture_151     ; 1       ;
; StringRecognizer:dut_instance|bomb_current_state~9    ; 1       ;
; StringRecognizer:dut_instance|knife_current_state~25  ; 1       ;
; StringRecognizer:dut_instance|knife_current_state~10  ; 1       ;
; StringRecognizer:dut_instance|Equal1~3                ; 1       ;
; StringRecognizer:dut_instance|Equal10~3               ; 1       ;
; Scan_Chain:scan_instance|Scan_Reg:In_Reg|PO[2]~6      ; 1       ;
; Scan_Chain:scan_instance|Scan_Reg:In_Reg|PO[1]~5      ; 1       ;
; StringRecognizer:dut_instance|Equal8~3                ; 1       ;
; Scan_Chain:scan_instance|next_state~1                 ; 1       ;
; TDI                                                   ; 1       ;
; StringRecognizer:dut_instance|bomb_current_state~26   ; 1       ;
; StringRecognizer:dut_instance|terror_current_state~17 ; 1       ;
; StringRecognizer:dut_instance|terror_current_state~15 ; 1       ;
; Scan_Chain:scan_instance|Selector0~0                  ; 1       ;
; Scan_Chain:scan_instance|Scan_Reg:In_Reg|L2~7         ; 1       ;
; Scan_Chain:scan_instance|next_state~0                 ; 1       ;
; Scan_Chain:scan_instance|Scan_Reg:In_Reg|L2[5]        ; 1       ;
; StringRecognizer:dut_instance|knife_current_state~41  ; 1       ;
; StringRecognizer:dut_instance|knife_current_state~40  ; 1       ;
; StringRecognizer:dut_instance|knife_current_state~38  ; 1       ;
; StringRecognizer:dut_instance|knife_current_state~37  ; 1       ;
; StringRecognizer:dut_instance|terror_current_state~12 ; 1       ;
; StringRecognizer:dut_instance|terror_current_state~11 ; 1       ;
; StringRecognizer:dut_instance|gun_current_state~10    ; 1       ;
; StringRecognizer:dut_instance|W~1                     ; 1       ;
; Scan_Chain:scan_instance|Scan_Reg:In_Reg|PO[4]~2      ; 1       ;
; StringRecognizer:dut_instance|gun_current_state~7     ; 1       ;
; Scan_Chain:scan_instance|Selector2~0                  ; 1       ;
; Scan_Chain:scan_instance|Scan_Reg:Out_Reg|mux1[0]~0   ; 1       ;
; StringRecognizer:dut_instance|W                       ; 1       ;
+-------------------------------------------------------+---------+


+----------------------------------------------+
; Routing Usage Summary                        ;
+-----------------------+----------------------+
; Routing Resource Type ; Usage                ;
+-----------------------+----------------------+
; C4s                   ; 99 / 2,870 ( 3 % )   ;
; Direct links          ; 29 / 3,938 ( < 1 % ) ;
; Global clocks         ; 3 / 4 ( 75 % )       ;
; LAB clocks            ; 9 / 72 ( 13 % )      ;
; LUT chains            ; 14 / 1,143 ( 1 % )   ;
; Local interconnects   ; 185 / 3,938 ( 5 % )  ;
; R4s                   ; 111 / 2,832 ( 4 % )  ;
+-----------------------+----------------------+


+---------------------------------------------------------------------------+
; LAB Logic Elements                                                        ;
+--------------------------------------------+------------------------------+
; Number of Logic Elements  (Average = 8.17) ; Number of LABs  (Total = 12) ;
+--------------------------------------------+------------------------------+
; 1                                          ; 1                            ;
; 2                                          ; 0                            ;
; 3                                          ; 0                            ;
; 4                                          ; 0                            ;
; 5                                          ; 0                            ;
; 6                                          ; 1                            ;
; 7                                          ; 1                            ;
; 8                                          ; 3                            ;
; 9                                          ; 0                            ;
; 10                                         ; 6                            ;
+--------------------------------------------+------------------------------+


+-------------------------------------------------------------------+
; LAB-wide Signals                                                  ;
+------------------------------------+------------------------------+
; LAB-wide Signals  (Average = 1.17) ; Number of LABs  (Total = 12) ;
+------------------------------------+------------------------------+
; 1 Clock                            ; 9                            ;
; 1 Clock enable                     ; 3                            ;
; 2 Clocks                           ; 2                            ;
+------------------------------------+------------------------------+


+----------------------------------------------------------------------------+
; LAB Signals Sourced                                                        ;
+---------------------------------------------+------------------------------+
; Number of Signals Sourced  (Average = 8.50) ; Number of LABs  (Total = 12) ;
+---------------------------------------------+------------------------------+
; 0                                           ; 0                            ;
; 1                                           ; 1                            ;
; 2                                           ; 0                            ;
; 3                                           ; 0                            ;
; 4                                           ; 0                            ;
; 5                                           ; 0                            ;
; 6                                           ; 1                            ;
; 7                                           ; 1                            ;
; 8                                           ; 3                            ;
; 9                                           ; 0                            ;
; 10                                          ; 5                            ;
; 11                                          ; 0                            ;
; 12                                          ; 0                            ;
; 13                                          ; 0                            ;
; 14                                          ; 1                            ;
+---------------------------------------------+------------------------------+


+--------------------------------------------------------------------------------+
; LAB Signals Sourced Out                                                        ;
+-------------------------------------------------+------------------------------+
; Number of Signals Sourced Out  (Average = 4.33) ; Number of LABs  (Total = 12) ;
+-------------------------------------------------+------------------------------+
; 0                                               ; 0                            ;
; 1                                               ; 2                            ;
; 2                                               ; 1                            ;
; 3                                               ; 2                            ;
; 4                                               ; 1                            ;
; 5                                               ; 2                            ;
; 6                                               ; 2                            ;
; 7                                               ; 1                            ;
; 8                                               ; 0                            ;
; 9                                               ; 1                            ;
+-------------------------------------------------+------------------------------+


+-----------------------------------------------------------------------------+
; LAB Distinct Inputs                                                         ;
+----------------------------------------------+------------------------------+
; Number of Distinct Inputs  (Average = 10.25) ; Number of LABs  (Total = 12) ;
+----------------------------------------------+------------------------------+
; 0                                            ; 0                            ;
; 1                                            ; 0                            ;
; 2                                            ; 1                            ;
; 3                                            ; 0                            ;
; 4                                            ; 0                            ;
; 5                                            ; 1                            ;
; 6                                            ; 0                            ;
; 7                                            ; 0                            ;
; 8                                            ; 2                            ;
; 9                                            ; 2                            ;
; 10                                           ; 0                            ;
; 11                                           ; 1                            ;
; 12                                           ; 1                            ;
; 13                                           ; 1                            ;
; 14                                           ; 1                            ;
; 15                                           ; 1                            ;
; 16                                           ; 0                            ;
; 17                                           ; 1                            ;
+----------------------------------------------+------------------------------+


+-------------------------------------------------------------------------+
; Fitter Device Options                                                   ;
+----------------------------------------------+--------------------------+
; Option                                       ; Setting                  ;
+----------------------------------------------+--------------------------+
; Enable user-supplied start-up clock (CLKUSR) ; Off                      ;
; Enable device-wide reset (DEV_CLRn)          ; Off                      ;
; Enable device-wide output enable (DEV_OE)    ; Off                      ;
; Enable INIT_DONE output                      ; Off                      ;
; Configuration scheme                         ; Passive Serial           ;
; Reserve all unused pins                      ; As output driving ground ;
+----------------------------------------------+--------------------------+


+--------------------------------------------------------------------+
; Estimated Delay Added for Hold Timing Summary                      ;
+-------------------------+----------------------+-------------------+
; Source Clock(s)         ; Destination Clock(s) ; Delay Added in ns ;
+-------------------------+----------------------+-------------------+
; I/O,TCLK                ; TRST                 ; 68.0              ;
; I/O                     ; TCLK                 ; 64.1              ;
; I/O                     ; TRST                 ; 31.9              ;
; TCLK,I/O,TCLK           ; TRST                 ; 23.9              ;
; TCLK,I/O,TRST,TCLK      ; TRST                 ; 20.5              ;
; TCLK,I/O,TCLK,TRST,TCLK ; TRST                 ; 15.6              ;
+-------------------------+----------------------+-------------------+
Note: For more information on problematic transfers, consider running the Fitter again with the Optimize hold timing option (Settings Menu) turned off.
This will disable optimization of problematic paths and expose them for further analysis using the TimeQuest Timing Analyzer.


+-----------------------------------------------------------------------------------------------------------------------------------+
; Estimated Delay Added for Hold Timing Details                                                                                     ;
+-------------------------------------------------------+-------------------------------------------------------+-------------------+
; Source Register                                       ; Destination Register                                  ; Delay Added in ns ;
+-------------------------------------------------------+-------------------------------------------------------+-------------------+
; TRST                                                  ; StringRecognizer:dut_instance|terror_current_state.S0 ; 4.975             ;
; Scan_Chain:scan_instance|Scan_Reg:In_Reg|L2[3]        ; StringRecognizer:dut_instance|terror_current_state.S4 ; 3.838             ;
; Scan_Chain:scan_instance|Scan_Reg:In_Reg|L2[0]        ; StringRecognizer:dut_instance|terror_current_state.S4 ; 3.764             ;
; Scan_Chain:scan_instance|Scan_Reg:In_Reg|L2[4]        ; StringRecognizer:dut_instance|terror_current_state.S4 ; 3.764             ;
; Scan_Chain:scan_instance|Scan_Reg:In_Reg|L2[1]        ; StringRecognizer:dut_instance|terror_current_state.S4 ; 3.764             ;
; Scan_Chain:scan_instance|Scan_Reg:In_Reg|L2[2]        ; StringRecognizer:dut_instance|terror_current_state.S4 ; 3.764             ;
; Scan_Chain:scan_instance|Scan_Reg:In_Reg|L2[6]        ; StringRecognizer:dut_instance|bomb_current_state.S0   ; 2.770             ;
; StringRecognizer:dut_instance|bomb_current_state.S2   ; StringRecognizer:dut_instance|bomb_current_state.S3   ; 2.741             ;
; StringRecognizer:dut_instance|knife_current_state.S0  ; StringRecognizer:dut_instance|knife_current_state.S1  ; 1.988             ;
; StringRecognizer:dut_instance|terror_current_state.S5 ; StringRecognizer:dut_instance|terror_current_state.S0 ; 1.941             ;
; StringRecognizer:dut_instance|bomb_current_state.S1   ; StringRecognizer:dut_instance|bomb_current_state.S2   ; 1.904             ;
; StringRecognizer:dut_instance|gun_current_state.S0    ; StringRecognizer:dut_instance|gun_current_state.S0    ; 1.557             ;
; StringRecognizer:dut_instance|knife_current_state.S3  ; StringRecognizer:dut_instance|knife_current_state.S0  ; 1.440             ;
; StringRecognizer:dut_instance|knife_current_state.S4  ; StringRecognizer:dut_instance|knife_current_state.S0  ; 1.440             ;
; StringRecognizer:dut_instance|knife_current_state.S1  ; StringRecognizer:dut_instance|knife_current_state.S2  ; 1.420             ;
; Scan_Chain:scan_instance|current_state.s_shift        ; Scan_Chain:scan_instance|Scan_Reg:In_Reg|L2[3]        ; 1.375             ;
; Scan_Chain:scan_instance|current_state.s_capture      ; Scan_Chain:scan_instance|Scan_Reg:In_Reg|L2[3]        ; 1.375             ;
; TMS                                                   ; Scan_Chain:scan_instance|Scan_Reg:In_Reg|L2[3]        ; 1.375             ;
; StringRecognizer:dut_instance|gun_current_state.S1    ; StringRecognizer:dut_instance|gun_current_state.S0    ; 1.317             ;
; StringRecognizer:dut_instance|gun_current_state.S2    ; StringRecognizer:dut_instance|gun_current_state.S1    ; 1.267             ;
; StringRecognizer:dut_instance|terror_current_state.S4 ; StringRecognizer:dut_instance|terror_current_state.S4 ; 1.186             ;
; StringRecognizer:dut_instance|knife_current_state.S2  ; StringRecognizer:dut_instance|knife_current_state.S3  ; 1.157             ;
; StringRecognizer:dut_instance|terror_current_state.S0 ; StringRecognizer:dut_instance|terror_current_state.S1 ; 1.123             ;
; StringRecognizer:dut_instance|terror_current_state.S2 ; StringRecognizer:dut_instance|terror_current_state.S1 ; 0.978             ;
; StringRecognizer:dut_instance|terror_current_state.S3 ; StringRecognizer:dut_instance|terror_current_state.S1 ; 0.978             ;
; Scan_Chain:scan_instance|current_state.s_update       ; Scan_Chain:scan_instance|Scan_Reg:In_Reg|L1[0]        ; 0.833             ;
; Scan_Chain:scan_instance|current_state.s_idle         ; Scan_Chain:scan_instance|Scan_Reg:In_Reg|L1[0]        ; 0.833             ;
; StringRecognizer:dut_instance|bomb_current_state.S0   ; StringRecognizer:dut_instance|bomb_current_state.S2   ; 0.393             ;
; StringRecognizer:dut_instance|bomb_current_state.S3   ; StringRecognizer:dut_instance|bomb_current_state.S2   ; 0.393             ;
; StringRecognizer:dut_instance|terror_current_state.S1 ; StringRecognizer:dut_instance|terror_current_state.S2 ; 0.348             ;
; Scan_Chain:scan_instance|Scan_Reg:In_Reg|L1[0]        ; Scan_Chain:scan_instance|Scan_Reg:Out_Reg|L1[0]       ; 0.278             ;
; StringRecognizer:dut_instance|W                       ; Scan_Chain:scan_instance|Scan_Reg:Out_Reg|L1[0]       ; 0.278             ;
+-------------------------------------------------------+-------------------------------------------------------+-------------------+
Note: This table only shows the top 32 path(s) that have the largest delay added for hold.


+-----------------+
; Fitter Messages ;
+-----------------+
Warning (20028): Parallel compilation is not licensed and has been disabled
Info (119006): Selected device 5M1270ZT144C5 for design "TopLevel"
Info (21077): Low junction temperature is 0 degrees C
Info (21077): High junction temperature is 85 degrees C
Info (171003): Fitter is performing an Auto Fit compilation, which may decrease Fitter effort to reduce compilation time
Warning (292013): Feature LogicLock is only available with a valid subscription license. You can purchase a software subscription to gain full access to this feature.
Info (176444): Device migration not selected. If you intend to use device migration later, you may need to change the pin assignments as they may be incompatible with other devices
    Info (176445): Device 5M240ZT144C5 is compatible
    Info (176445): Device 5M240ZT144I5 is compatible
    Info (176445): Device 5M570ZT144C5 is compatible
    Info (176445): Device 5M570ZT144I5 is compatible
    Info (176445): Device 5M1270ZT144I5 is compatible
Warning (335093): TimeQuest Timing Analyzer is analyzing 5 combinational loops as latches.
Critical Warning (332012): Synopsys Design Constraints File file not found: 'TopLevel.sdc'. A Synopsys Design Constraints File is required by the TimeQuest Timing Analyzer to get proper timing constraints. Without it, the Compiler will not properly optimize the design.
Info (332144): No user constrained base clocks found in the design
Info (332128): Timing requirements not specified -- optimizing circuit to achieve the following default global requirements
    Info (332127): Assuming a default timing requirement
Info (332111): Found 2 clocks
    Info (332111):   Period   Clock Name
    Info (332111): ======== ============
    Info (332111):    1.000         TCLK
    Info (332111):    1.000         TRST
Info (186079): Completed User Assigned Global Signals Promotion Operation
Info (186215): Automatically promoted signal "TCLK" to use Global clock
Info (186228): Pin "TCLK" drives global clock, but is not placed in a dedicated clock pin position
Info (186215): Automatically promoted signal "Scan_Chain:scan_instance|Scan_Reg:In_Reg|PO[5]" to use Global clock
Info (186216): Automatically promoted some destinations of signal "TRST" to use Global clock
    Info (186217): Destination "Scan_Chain:scan_instance|Scan_Reg:Out_Reg|L1[0]" may be non-global or may not use global clock
    Info (186217): Destination "Scan_Chain:scan_instance|Scan_Reg:In_Reg|L1[0]" may be non-global or may not use global clock
    Info (186217): Destination "Scan_Chain:scan_instance|Scan_Reg:Out_Reg|mux1[0]~0" may be non-global or may not use global clock
    Info (186217): Destination "Scan_Chain:scan_instance|Scan_Reg:In_Reg|L2[3]" may be non-global or may not use global clock
    Info (186217): Destination "Scan_Chain:scan_instance|Scan_Reg:In_Reg|PO[3]~0" may be non-global or may not use global clock
    Info (186217): Destination "Scan_Chain:scan_instance|Scan_Reg:In_Reg|L2[2]" may be non-global or may not use global clock
    Info (186217): Destination "Scan_Chain:scan_instance|Scan_Reg:In_Reg|L2[1]" may be non-global or may not use global clock
    Info (186217): Destination "Scan_Chain:scan_instance|Scan_Reg:In_Reg|L2[4]" may be non-global or may not use global clock
    Info (186217): Destination "StringRecognizer:dut_instance|Equal4~0" may be non-global or may not use global clock
    Info (186217): Destination "Scan_Chain:scan_instance|Scan_Reg:In_Reg|L2[0]" may be non-global or may not use global clock
    Info (186218): Limited to 10 non-global destinations
Info (186228): Pin "TRST" drives global clock, but is not placed in a dedicated clock pin position
Info (186079): Completed Auto Global Promotion Operation
Info (176234): Starting register packing
Info (186468): Started processing fast register assignments
Info (186469): Finished processing fast register assignments
Info (176235): Finished register packing
Info (171121): Fitter preparation operations ending: elapsed time is 00:00:00
Info (14896): Fitter has disabled Advanced Physical Optimization because it is not supported for the current family.
Info (170189): Fitter placement preparation operations beginning
Info (170190): Fitter placement preparation operations ending: elapsed time is 00:00:00
Info (170191): Fitter placement operations beginning
Info (170137): Fitter placement was successful
Info (170192): Fitter placement operations ending: elapsed time is 00:00:00
Info (170193): Fitter routing operations beginning
Info (170089): 2e+02 ns of routing delay (approximately 3.5% of available device routing delay) has been added to meet hold timing. For more information, refer to the Estimated Delay Added for Hold Timing section in the Fitter report.
Info (170195): Router estimated average interconnect usage is 3% of the available device resources
    Info (170196): Router estimated peak interconnect usage is 6% of the available device resources in the region that extends from location X0_Y0 to location X8_Y11
Info (170194): Fitter routing operations ending: elapsed time is 00:00:00
Info (170199): The Fitter performed an Auto Fit compilation.  Optimizations were skipped to reduce compilation time.
    Info (170201): Optimizations that may affect the design's routability were skipped
Info (11888): Total time spent on timing analysis during the Fitter is 0.12 seconds.
Info (11218): Fitter post-fit operations ending: elapsed time is 00:00:00
Warning (169174): The Reserve All Unused Pins setting has not been specified, and will default to 'As output driving ground'.
Info (144001): Generated suppressed messages file /home/titto/Desktop/EE214/StringRecognizer/Scan_Chain/output_files/TopLevel.fit.smsg
Info: Quartus II 64-Bit Fitter was successful. 0 errors, 5 warnings
    Info: Peak virtual memory: 903 megabytes
    Info: Processing ended: Fri Mar 11 13:29:01 2016
    Info: Elapsed time: 00:00:02
    Info: Total CPU time (on all processors): 00:00:02


+----------------------------+
; Fitter Suppressed Messages ;
+----------------------------+
The suppressed messages can be found in /home/titto/Desktop/EE214/StringRecognizer/Scan_Chain/output_files/TopLevel.fit.smsg.


