Flow report for StringRecognizer
Thu Mar  3 00:32:08 2016
Quartus II 64-Bit Version 14.1.0 Build 186 12/03/2014 SJ Web Edition


---------------------
; Table of Contents ;
---------------------
  1. Legal Notice
  2. Flow Summary
  3. Flow Settings
  4. Flow Non-Default Global Settings
  5. Flow Elapsed Time
  6. Flow OS Summary
  7. Flow Log
  8. Flow Messages
  9. Flow Suppressed Messages



----------------
; Legal Notice ;
----------------
Copyright (C) 1991-2014 Altera Corporation. All rights reserved.
Your use of Altera Corporation's design tools, logic functions 
and other software and tools, and its AMPP partner logic 
functions, and any output files from any of the foregoing 
(including device programming or simulation files), and any 
associated documentation or information are expressly subject 
to the terms and conditions of the Altera Program License 
Subscription Agreement, the Altera Quartus II License Agreement,
the Altera MegaCore Function License Agreement, or other 
applicable license agreement, including, without limitation, 
that your use is for the sole purpose of programming logic 
devices manufactured by Altera and sold by Altera or its 
authorized distributors.  Please refer to the applicable 
agreement for further details.



+------------------------------------------------------------------------+
; Flow Summary                                                           ;
+---------------------------+--------------------------------------------+
; Flow Status               ; Successful - Thu Mar  3 00:32:08 2016      ;
; Quartus II 64-Bit Version ; 14.1.0 Build 186 12/03/2014 SJ Web Edition ;
; Revision Name             ; StringRecognizer                           ;
; Top-level Entity Name     ; StringRecognizer                           ;
; Family                    ; MAX V                                      ;
; Device                    ; 5M1270ZT144C5                              ;
; Timing Models             ; Final                                      ;
; Total logic elements      ; 58 / 1,270 ( 5 % )                         ;
; Total pins                ; 8 / 114 ( 7 % )                            ;
; Total virtual pins        ; 0                                          ;
; UFM blocks                ; 0 / 1 ( 0 % )                              ;
+---------------------------+--------------------------------------------+


+-----------------------------------------+
; Flow Settings                           ;
+-------------------+---------------------+
; Option            ; Setting             ;
+-------------------+---------------------+
; Start date & time ; 03/03/2016 00:31:31 ;
; Main task         ; Compilation         ;
; Revision Name     ; StringRecognizer    ;
+-------------------+---------------------+


+------------------------------------------------------------------------------------------------------------------------------+
; Flow Non-Default Global Settings                                                                                             ;
+--------------------------------------+---------------------------------+---------------+-------------+-----------------------+
; Assignment Name                      ; Value                           ; Default Value ; Entity Name ; Section Id            ;
+--------------------------------------+---------------------------------+---------------+-------------+-----------------------+
; COMPILER_SIGNATURE_ID                ; 123633795166480.145694529101677 ; --            ; --          ; --                    ;
; EDA_DESIGN_INSTANCE_NAME             ; NA                              ; --            ; --          ; test_StringRecognizer ;
; EDA_NATIVELINK_SIMULATION_TEST_BENCH ; test_StringRecognizer           ; --            ; --          ; eda_simulation        ;
; EDA_OUTPUT_DATA_FORMAT               ; Vhdl                            ; --            ; --          ; eda_simulation        ;
; EDA_SIMULATION_TOOL                  ; ModelSim-Altera (VHDL)          ; <None>        ; --          ; --                    ;
; EDA_TEST_BENCH_ENABLE_STATUS         ; TEST_BENCH_MODE                 ; --            ; --          ; eda_simulation        ;
; EDA_TEST_BENCH_FILE                  ; ../test_StringRecognizer.vhd    ; --            ; --          ; test_StringRecognizer ;
; EDA_TEST_BENCH_MODULE_NAME           ; test_StringRecognizer           ; --            ; --          ; test_StringRecognizer ;
; EDA_TEST_BENCH_NAME                  ; test_StringRecognizer           ; --            ; --          ; eda_simulation        ;
; MAX_CORE_JUNCTION_TEMP               ; 85                              ; --            ; --          ; --                    ;
; MIN_CORE_JUNCTION_TEMP               ; 0                               ; --            ; --          ; --                    ;
; POWER_PRESET_COOLING_SOLUTION        ; No Heat Sink With Still Air     ; --            ; --          ; --                    ;
; PROJECT_OUTPUT_DIRECTORY             ; output_files                    ; --            ; --          ; --                    ;
+--------------------------------------+---------------------------------+---------------+-------------+-----------------------+


+-------------------------------------------------------------------------------------------------------------------------------+
; Flow Elapsed Time                                                                                                             ;
+---------------------------+--------------+-------------------------+---------------------+------------------------------------+
; Module Name               ; Elapsed Time ; Average Processors Used ; Peak Virtual Memory ; Total CPU Time (on all processors) ;
+---------------------------+--------------+-------------------------+---------------------+------------------------------------+
; Analysis & Synthesis      ; 00:00:18     ; 1.0                     ; 925 MB              ; 00:00:38                           ;
; Fitter                    ; 00:00:05     ; 1.0                     ; 906 MB              ; 00:00:02                           ;
; Assembler                 ; 00:00:01     ; 1.0                     ; 757 MB              ; 00:00:01                           ;
; TimeQuest Timing Analyzer ; 00:00:01     ; 1.0                     ; 697 MB              ; 00:00:01                           ;
; EDA Netlist Writer        ; 00:00:01     ; 1.0                     ; 1007 MB             ; 00:00:01                           ;
; Total                     ; 00:00:26     ; --                      ; --                  ; 00:00:43                           ;
+---------------------------+--------------+-------------------------+---------------------+------------------------------------+


+---------------------------------------------------------------------------------------------+
; Flow OS Summary                                                                             ;
+---------------------------+------------------+----------------+------------+----------------+
; Module Name               ; Machine Hostname ; OS Name        ; OS Version ; Processor type ;
+---------------------------+------------------+----------------+------------+----------------+
; Analysis & Synthesis      ; jarvis           ; Ubuntu 14.04.4 ; 14         ; x86_64         ;
; Fitter                    ; jarvis           ; Ubuntu 14.04.4 ; 14         ; x86_64         ;
; Assembler                 ; jarvis           ; Ubuntu 14.04.4 ; 14         ; x86_64         ;
; TimeQuest Timing Analyzer ; jarvis           ; Ubuntu 14.04.4 ; 14         ; x86_64         ;
; EDA Netlist Writer        ; jarvis           ; Ubuntu 14.04.4 ; 14         ; x86_64         ;
+---------------------------+------------------+----------------+------------+----------------+


------------
; Flow Log ;
------------
quartus_map --read_settings_files=on --write_settings_files=off StringRecognizer -c StringRecognizer
quartus_fit --read_settings_files=off --write_settings_files=off StringRecognizer -c StringRecognizer
quartus_asm --read_settings_files=off --write_settings_files=off StringRecognizer -c StringRecognizer
quartus_sta StringRecognizer -c StringRecognizer
quartus_eda --read_settings_files=off --write_settings_files=off StringRecognizer -c StringRecognizer



