Analysis & Synthesis report for StringRecognizer
Thu Mar  3 00:31:48 2016
Quartus II 64-Bit Version 14.1.0 Build 186 12/03/2014 SJ Web Edition


---------------------
; Table of Contents ;
---------------------
  1. Legal Notice
  2. Analysis & Synthesis Summary
  3. Analysis & Synthesis Settings
  4. Parallel Compilation
  5. Analysis & Synthesis Source Files Read
  6. Analysis & Synthesis Resource Usage Summary
  7. Analysis & Synthesis Resource Utilization by Entity
  8. State Machine - |StringRecognizer|terror_current_state
  9. State Machine - |StringRecognizer|gun_current_state
 10. State Machine - |StringRecognizer|knife_current_state
 11. State Machine - |StringRecognizer|bomb_current_state
 12. General Register Statistics
 13. Multiplexer Restructuring Statistics (Restructuring Performed)
 14. Analysis & Synthesis Messages



----------------
; Legal Notice ;
----------------
Copyright (C) 1991-2014 Altera Corporation. All rights reserved.
Your use of Altera Corporation's design tools, logic functions 
and other software and tools, and its AMPP partner logic 
functions, and any output files from any of the foregoing 
(including device programming or simulation files), and any 
associated documentation or information are expressly subject 
to the terms and conditions of the Altera Program License 
Subscription Agreement, the Altera Quartus II License Agreement,
the Altera MegaCore Function License Agreement, or other 
applicable license agreement, including, without limitation, 
that your use is for the sole purpose of programming logic 
devices manufactured by Altera and sold by Altera or its 
authorized distributors.  Please refer to the applicable 
agreement for further details.



+--------------------------------------------------------------------------+
; Analysis & Synthesis Summary                                             ;
+-----------------------------+--------------------------------------------+
; Analysis & Synthesis Status ; Successful - Thu Mar  3 00:31:48 2016      ;
; Quartus II 64-Bit Version   ; 14.1.0 Build 186 12/03/2014 SJ Web Edition ;
; Revision Name               ; StringRecognizer                           ;
; Top-level Entity Name       ; StringRecognizer                           ;
; Family                      ; MAX V                                      ;
; Total logic elements        ; 58                                         ;
; Total pins                  ; 8                                          ;
; Total virtual pins          ; 0                                          ;
; UFM blocks                  ; 0 / 1 ( 0 % )                              ;
+-----------------------------+--------------------------------------------+


+----------------------------------------------------------------------------------------------------------------------+
; Analysis & Synthesis Settings                                                                                        ;
+----------------------------------------------------------------------------+--------------------+--------------------+
; Option                                                                     ; Setting            ; Default Value      ;
+----------------------------------------------------------------------------+--------------------+--------------------+
; Device                                                                     ; 5M1270ZT144C5      ;                    ;
; Top-level entity name                                                      ; StringRecognizer   ; StringRecognizer   ;
; Family name                                                                ; MAX V              ; Cyclone IV GX      ;
; Use smart compilation                                                      ; Off                ; Off                ;
; Enable parallel Assembler and TimeQuest Timing Analyzer during compilation ; On                 ; On                 ;
; Enable compact report table                                                ; Off                ; Off                ;
; Restructure Multiplexers                                                   ; Auto               ; Auto               ;
; Create Debugging Nodes for IP Cores                                        ; Off                ; Off                ;
; Preserve fewer node names                                                  ; On                 ; On                 ;
; Disable OpenCore Plus hardware evaluation                                  ; Off                ; Off                ;
; Verilog Version                                                            ; Verilog_2001       ; Verilog_2001       ;
; VHDL Version                                                               ; VHDL_1993          ; VHDL_1993          ;
; State Machine Processing                                                   ; Auto               ; Auto               ;
; Safe State Machine                                                         ; Off                ; Off                ;
; Extract Verilog State Machines                                             ; On                 ; On                 ;
; Extract VHDL State Machines                                                ; On                 ; On                 ;
; Ignore Verilog initial constructs                                          ; Off                ; Off                ;
; Iteration limit for constant Verilog loops                                 ; 5000               ; 5000               ;
; Iteration limit for non-constant Verilog loops                             ; 250                ; 250                ;
; Add Pass-Through Logic to Inferred RAMs                                    ; On                 ; On                 ;
; Infer RAMs from Raw Logic                                                  ; On                 ; On                 ;
; Parallel Synthesis                                                         ; On                 ; On                 ;
; NOT Gate Push-Back                                                         ; On                 ; On                 ;
; Power-Up Don't Care                                                        ; On                 ; On                 ;
; Remove Redundant Logic Cells                                               ; Off                ; Off                ;
; Remove Duplicate Registers                                                 ; On                 ; On                 ;
; Ignore CARRY Buffers                                                       ; Off                ; Off                ;
; Ignore CASCADE Buffers                                                     ; Off                ; Off                ;
; Ignore GLOBAL Buffers                                                      ; Off                ; Off                ;
; Ignore ROW GLOBAL Buffers                                                  ; Off                ; Off                ;
; Ignore LCELL Buffers                                                       ; Off                ; Off                ;
; Ignore SOFT Buffers                                                        ; On                 ; On                 ;
; Limit AHDL Integers to 32 Bits                                             ; Off                ; Off                ;
; Optimization Technique                                                     ; Balanced           ; Balanced           ;
; Carry Chain Length                                                         ; 70                 ; 70                 ;
; Auto Carry Chains                                                          ; On                 ; On                 ;
; Auto Open-Drain Pins                                                       ; On                 ; On                 ;
; Perform WYSIWYG Primitive Resynthesis                                      ; Off                ; Off                ;
; Auto Shift Register Replacement                                            ; Auto               ; Auto               ;
; Allow Shift Register Merging across Hierarchies                            ; Auto               ; Auto               ;
; Auto Clock Enable Replacement                                              ; On                 ; On                 ;
; Allow Synchronous Control Signals                                          ; On                 ; On                 ;
; Force Use of Synchronous Clear Signals                                     ; Off                ; Off                ;
; Auto Resource Sharing                                                      ; Off                ; Off                ;
; Use LogicLock Constraints during Resource Balancing                        ; On                 ; On                 ;
; Ignore translate_off and synthesis_off directives                          ; Off                ; Off                ;
; Report Parameter Settings                                                  ; On                 ; On                 ;
; Report Source Assignments                                                  ; On                 ; On                 ;
; Report Connectivity Checks                                                 ; On                 ; On                 ;
; Ignore Maximum Fan-Out Assignments                                         ; Off                ; Off                ;
; Synchronization Register Chain Length                                      ; 2                  ; 2                  ;
; PowerPlay Power Optimization During Synthesis                              ; Normal compilation ; Normal compilation ;
; HDL message level                                                          ; Level2             ; Level2             ;
; Suppress Register Optimization Related Messages                            ; Off                ; Off                ;
; Number of Removed Registers Reported in Synthesis Report                   ; 5000               ; 5000               ;
; Number of Swept Nodes Reported in Synthesis Report                         ; 5000               ; 5000               ;
; Number of Inverted Registers Reported in Synthesis Report                  ; 100                ; 100                ;
; Clock MUX Protection                                                       ; On                 ; On                 ;
; Block Design Naming                                                        ; Auto               ; Auto               ;
; Synthesis Effort                                                           ; Auto               ; Auto               ;
; Shift Register Replacement - Allow Asynchronous Clear Signal               ; On                 ; On                 ;
; Analysis & Synthesis Message Level                                         ; Medium             ; Medium             ;
; Disable Register Merging Across Hierarchies                                ; Auto               ; Auto               ;
; Synthesis Seed                                                             ; 1                  ; 1                  ;
+----------------------------------------------------------------------------+--------------------+--------------------+


Parallel compilation was disabled, but you have multiple processors available. Enable parallel compilation to reduce compilation time.
+-------------------------------------+
; Parallel Compilation                ;
+----------------------------+--------+
; Processors                 ; Number ;
+----------------------------+--------+
; Number detected on machine ; 4      ;
; Maximum allowed            ; 1      ;
+----------------------------+--------+


+--------------------------------------------------------------------------------------------------------------------------------------------------+
; Analysis & Synthesis Source Files Read                                                                                                           ;
+----------------------------------+-----------------+-----------------+-----------------------------------------------------------------+---------+
; File Name with User-Entered Path ; Used in Netlist ; File Type       ; File Name with Absolute Path                                    ; Library ;
+----------------------------------+-----------------+-----------------+-----------------------------------------------------------------+---------+
; ../StringRecognizer.vhd          ; yes             ; User VHDL File  ; /home/titto/Desktop/EE214/StringRecognizer/StringRecognizer.vhd ;         ;
+----------------------------------+-----------------+-----------------+-----------------------------------------------------------------+---------+


+-----------------------------------------------------+
; Analysis & Synthesis Resource Usage Summary         ;
+---------------------------------------------+-------+
; Resource                                    ; Usage ;
+---------------------------------------------+-------+
; Total logic elements                        ; 58    ;
;     -- Combinational with no register       ; 40    ;
;     -- Register only                        ; 0     ;
;     -- Combinational with a register        ; 18    ;
;                                             ;       ;
; Logic element usage by number of LUT inputs ;       ;
;     -- 4 input functions                    ; 39    ;
;     -- 3 input functions                    ; 14    ;
;     -- 2 input functions                    ; 5     ;
;     -- 1 input functions                    ; 0     ;
;     -- 0 input functions                    ; 0     ;
;                                             ;       ;
; Logic elements by mode                      ;       ;
;     -- normal mode                          ; 58    ;
;     -- arithmetic mode                      ; 0     ;
;     -- qfbk mode                            ; 0     ;
;     -- register cascade mode                ; 0     ;
;     -- synchronous clear/load mode          ; 0     ;
;     -- asynchronous clear/load mode         ; 0     ;
;                                             ;       ;
; Total registers                             ; 18    ;
; I/O pins                                    ; 8     ;
; Maximum fan-out node                        ; reset ;
; Maximum fan-out                             ; 20    ;
; Total fan-out                               ; 227   ;
; Average fan-out                             ; 3.44  ;
+---------------------------------------------+-------+


+----------------------------------------------------------------------------------------------------------------------------------------------------------------------------------------------------------------------+
; Analysis & Synthesis Resource Utilization by Entity                                                                                                                                                                  ;
+----------------------------+-------------+--------------+------------+------+--------------+--------------+-------------------+------------------+-----------------+------------+---------------------+--------------+
; Compilation Hierarchy Node ; Logic Cells ; LC Registers ; UFM Blocks ; Pins ; Virtual Pins ; LUT-Only LCs ; Register-Only LCs ; LUT/Register LCs ; Carry Chain LCs ; Packed LCs ; Full Hierarchy Name ; Library Name ;
+----------------------------+-------------+--------------+------------+------+--------------+--------------+-------------------+------------------+-----------------+------------+---------------------+--------------+
; |StringRecognizer          ; 58 (58)     ; 18           ; 0          ; 8    ; 0            ; 40 (40)      ; 0 (0)             ; 18 (18)          ; 0 (0)           ; 0 (0)      ; |StringRecognizer   ; work         ;
+----------------------------+-------------+--------------+------------+------+--------------+--------------+-------------------+------------------+-----------------+------------+---------------------+--------------+
Note: For table entries with two numbers listed, the numbers in parentheses indicate the number of resources of the given type used by the specific entity alone. The numbers listed outside of parentheses indicate the total resources of the given type used by the specific entity and all of its sub-entities in the hierarchy.


Encoding Type:  One-Hot
+-------------------------------------------------------------------------------------------------------------------------------------------------------------------------------------+
; State Machine - |StringRecognizer|terror_current_state                                                                                                                              ;
+-------------------------+-------------------------+-------------------------+-------------------------+-------------------------+-------------------------+-------------------------+
; Name                    ; terror_current_state.S5 ; terror_current_state.S4 ; terror_current_state.S3 ; terror_current_state.S2 ; terror_current_state.S1 ; terror_current_state.S0 ;
+-------------------------+-------------------------+-------------------------+-------------------------+-------------------------+-------------------------+-------------------------+
; terror_current_state.S0 ; 0                       ; 0                       ; 0                       ; 0                       ; 0                       ; 0                       ;
; terror_current_state.S1 ; 0                       ; 0                       ; 0                       ; 0                       ; 1                       ; 1                       ;
; terror_current_state.S2 ; 0                       ; 0                       ; 0                       ; 1                       ; 0                       ; 1                       ;
; terror_current_state.S3 ; 0                       ; 0                       ; 1                       ; 0                       ; 0                       ; 1                       ;
; terror_current_state.S4 ; 0                       ; 1                       ; 0                       ; 0                       ; 0                       ; 1                       ;
; terror_current_state.S5 ; 1                       ; 0                       ; 0                       ; 0                       ; 0                       ; 1                       ;
+-------------------------+-------------------------+-------------------------+-------------------------+-------------------------+-------------------------+-------------------------+


Encoding Type:  One-Hot
+-------------------------------------------------------------------------------------------+
; State Machine - |StringRecognizer|gun_current_state                                       ;
+----------------------+----------------------+----------------------+----------------------+
; Name                 ; gun_current_state.S2 ; gun_current_state.S1 ; gun_current_state.S0 ;
+----------------------+----------------------+----------------------+----------------------+
; gun_current_state.S0 ; 0                    ; 0                    ; 0                    ;
; gun_current_state.S1 ; 0                    ; 1                    ; 1                    ;
; gun_current_state.S2 ; 1                    ; 0                    ; 1                    ;
+----------------------+----------------------+----------------------+----------------------+


Encoding Type:  One-Hot
+-----------------------------------------------------------------------------------------------------------------------------------------------------+
; State Machine - |StringRecognizer|knife_current_state                                                                                               ;
+------------------------+------------------------+------------------------+------------------------+------------------------+------------------------+
; Name                   ; knife_current_state.S4 ; knife_current_state.S3 ; knife_current_state.S2 ; knife_current_state.S1 ; knife_current_state.S0 ;
+------------------------+------------------------+------------------------+------------------------+------------------------+------------------------+
; knife_current_state.S0 ; 0                      ; 0                      ; 0                      ; 0                      ; 0                      ;
; knife_current_state.S1 ; 0                      ; 0                      ; 0                      ; 1                      ; 1                      ;
; knife_current_state.S2 ; 0                      ; 0                      ; 1                      ; 0                      ; 1                      ;
; knife_current_state.S3 ; 0                      ; 1                      ; 0                      ; 0                      ; 1                      ;
; knife_current_state.S4 ; 1                      ; 0                      ; 0                      ; 0                      ; 1                      ;
+------------------------+------------------------+------------------------+------------------------+------------------------+------------------------+


Encoding Type:  One-Hot
+-----------------------------------------------------------------------------------------------------------------------+
; State Machine - |StringRecognizer|bomb_current_state                                                                  ;
+-----------------------+-----------------------+-----------------------+-----------------------+-----------------------+
; Name                  ; bomb_current_state.S3 ; bomb_current_state.S2 ; bomb_current_state.S1 ; bomb_current_state.S0 ;
+-----------------------+-----------------------+-----------------------+-----------------------+-----------------------+
; bomb_current_state.S0 ; 0                     ; 0                     ; 0                     ; 0                     ;
; bomb_current_state.S1 ; 0                     ; 0                     ; 1                     ; 1                     ;
; bomb_current_state.S2 ; 0                     ; 1                     ; 0                     ; 1                     ;
; bomb_current_state.S3 ; 1                     ; 0                     ; 0                     ; 1                     ;
+-----------------------+-----------------------+-----------------------+-----------------------+-----------------------+


+------------------------------------------------------+
; General Register Statistics                          ;
+----------------------------------------------+-------+
; Statistic                                    ; Value ;
+----------------------------------------------+-------+
; Total registers                              ; 18    ;
; Number of registers using Synchronous Clear  ; 0     ;
; Number of registers using Synchronous Load   ; 0     ;
; Number of registers using Asynchronous Clear ; 0     ;
; Number of registers using Asynchronous Load  ; 0     ;
; Number of registers using Clock Enable       ; 0     ;
; Number of registers using Preset             ; 0     ;
+----------------------------------------------+-------+


+------------------------------------------------------------------------------------------------------------------------------------------------------+
; Multiplexer Restructuring Statistics (Restructuring Performed)                                                                                       ;
+--------------------+-----------+---------------+----------------------+------------------------+------------+----------------------------------------+
; Multiplexer Inputs ; Bus Width ; Baseline Area ; Area if Restructured ; Saving if Restructured ; Registered ; Example Multiplexer Output             ;
+--------------------+-----------+---------------+----------------------+------------------------+------------+----------------------------------------+
; 7:1                ; 3 bits    ; 12 LEs        ; 9 LEs                ; 3 LEs                  ; No         ; |StringRecognizer|gun_current_state    ;
; 7:1                ; 2 bits    ; 8 LEs         ; 6 LEs                ; 2 LEs                  ; No         ; |StringRecognizer|bomb_current_state   ;
; 9:1                ; 2 bits    ; 12 LEs        ; 6 LEs                ; 6 LEs                  ; No         ; |StringRecognizer|bomb_current_state   ;
; 9:1                ; 3 bits    ; 18 LEs        ; 12 LEs               ; 6 LEs                  ; No         ; |StringRecognizer|knife_current_state  ;
; 11:1               ; 2 bits    ; 14 LEs        ; 6 LEs                ; 8 LEs                  ; No         ; |StringRecognizer|knife_current_state  ;
; 9:1                ; 3 bits    ; 18 LEs        ; 12 LEs               ; 6 LEs                  ; No         ; |StringRecognizer|terror_current_state ;
+--------------------+-----------+---------------+----------------------+------------------------+------------+----------------------------------------+


+-------------------------------+
; Analysis & Synthesis Messages ;
+-------------------------------+
Info: *******************************************************************
Info: Running Quartus II 64-Bit Analysis & Synthesis
    Info: Version 14.1.0 Build 186 12/03/2014 SJ Web Edition
    Info: Processing started: Thu Mar  3 00:31:30 2016
Info: Command: quartus_map --read_settings_files=on --write_settings_files=off StringRecognizer -c StringRecognizer
Warning (20028): Parallel compilation is not licensed and has been disabled
Info (12021): Found 2 design units, including 1 entities, in source file /home/titto/Desktop/EE214/StringRecognizer/StringRecognizer.vhd
    Info (12022): Found design unit 1: StringRecognizer-StringRecognizer_hw
    Info (12023): Found entity 1: StringRecognizer
Info (12127): Elaborating entity "StringRecognizer" for the top level hierarchy
Info (21057): Implemented 66 device resources after synthesis - the final resource count might be different
    Info (21058): Implemented 7 input pins
    Info (21059): Implemented 1 output pins
    Info (21061): Implemented 58 logic cells
Info: Quartus II 64-Bit Analysis & Synthesis was successful. 0 errors, 1 warning
    Info: Peak virtual memory: 925 megabytes
    Info: Processing ended: Thu Mar  3 00:31:48 2016
    Info: Elapsed time: 00:00:18
    Info: Total CPU time (on all processors): 00:00:38


